{"level":"\u001b[31merror\u001b[0m","time":"[association]2022/07/19 - 15:26:12.733","caller":"D:/GO/WorkSpace/new/fever_information/server/initialize/redis.go:22","message":"redis connet ping failed ,err :","error":"dial tcp 127.0.0.1:6379: connectex: No connection could be made because the target machine actively refused it."}
{"level":"\u001b[31merror\u001b[0m","time":"[association]2022/07/19 - 15:26:13.204","caller":"D:/GO/WorkSpace/new/fever_information/server/service/system/sys_user.go:117","message":"角色数据初始化失败","error":"Error 1062: Duplicate entry '2' for key 'sys_Roles.PRIMARY'"}
{"level":"\u001b[31merror\u001b[0m","time":"[association]2022/07/19 - 15:26:13.452","caller":"D:/GO/WorkSpace/new/fever_information/server/service/system/sys_district.go:58","message":"分类数据初始化失败","error":"Error 1062: Duplicate entry '2' for key 'districts.PRIMARY'"}
{"level":"\u001b[31merror\u001b[0m","time":"[association]2022/07/19 - 15:39:50.697","caller":"D:/GO/WorkSpace/new/fever_information/server/initialize/redis.go:22","message":"redis connet ping failed ,err :","error":"dial tcp 127.0.0.1:6379: connectex: No connection could be made because the target machine actively refused it."}
{"level":"\u001b[31merror\u001b[0m","time":"[association]2022/07/19 - 15:39:51.010","caller":"D:/GO/WorkSpace/new/fever_information/server/service/system/sys_user.go:117","message":"角色数据初始化失败","error":"Error 1062: Duplicate entry '2' for key 'sys_Roles.PRIMARY'"}
{"level":"\u001b[31merror\u001b[0m","time":"[association]2022/07/19 - 15:39:51.189","caller":"D:/GO/WorkSpace/new/fever_information/server/service/system/sys_district.go:58","message":"分类数据初始化失败","error":"Error 1062: Duplicate entry '2' for key 'districts.PRIMARY'"}
{"level":"\u001b[31merror\u001b[0m","time":"[association]2022/07/19 - 15:45:41.666","caller":"D:/GO/WorkSpace/new/fever_information/server/initialize/redis.go:22","message":"redis connet ping failed ,err :","error":"dial tcp 127.0.0.1:6379: connectex: No connection could be made because the target machine actively refused it."}
{"level":"\u001b[31merror\u001b[0m","time":"[association]2022/07/19 - 15:45:41.997","caller":"D:/GO/WorkSpace/new/fever_information/server/service/system/sys_user.go:117","message":"角色数据初始化失败","error":"Error 1062: Duplicate entry '2' for key 'sys_Roles.PRIMARY'"}
{"level":"\u001b[31merror\u001b[0m","time":"[association]2022/07/19 - 15:45:42.455","caller":"D:/GO/WorkSpace/new/fever_information/server/service/system/sys_district.go:58","message":"分类数据初始化失败","error":"Error 1062: Duplicate entry '2' for key 'districts.PRIMARY'"}
{"level":"\u001b[31merror\u001b[0m","time":"[association]2022/07/19 - 15:47:06.757","caller":"D:/GO/WorkSpace/new/fever_information/server/initialize/redis.go:22","message":"redis connet ping failed ,err :","error":"dial tcp 127.0.0.1:6379: connectex: No connection could be made because the target machine actively refused it."}
{"level":"\u001b[31merror\u001b[0m","time":"[association]2022/07/19 - 15:47:15.861","caller":"D:/GO/WorkSpace/new/fever_information/server/service/system/sys_user.go:117","message":"角色数据初始化失败","error":"Error 1062: Duplicate entry '2' for key 'sys_Roles.PRIMARY'"}
{"level":"\u001b[31merror\u001b[0m","time":"[association]2022/07/19 - 15:47:16.078","caller":"D:/GO/WorkSpace/new/fever_information/server/service/system/sys_district.go:58","message":"分类数据初始化失败","error":"Error 1062: Duplicate entry '2' for key 'districts.PRIMARY'"}
{"level":"\u001b[31merror\u001b[0m","time":"[association]2022/07/19 - 15:49:15.322","caller":"D:/GO/WorkSpace/new/fever_information/server/initialize/redis.go:22","message":"redis connet ping failed ,err :","error":"dial tcp 127.0.0.1:6379: connectex: No connection could be made because the target machine actively refused it."}
{"level":"\u001b[31merror\u001b[0m","time":"[association]2022/07/19 - 15:49:15.691","caller":"D:/GO/WorkSpace/new/fever_information/server/service/system/sys_user.go:117","message":"角色数据初始化失败","error":"Error 1062: Duplicate entry '2' for key 'sys_Roles.PRIMARY'"}
{"level":"\u001b[31merror\u001b[0m","time":"[association]2022/07/19 - 15:49:15.866","caller":"D:/GO/WorkSpace/new/fever_information/server/service/system/sys_district.go:58","message":"分类数据初始化失败","error":"Error 1062: Duplicate entry '2' for key 'districts.PRIMARY'"}
{"level":"\u001b[31merror\u001b[0m","time":"[association]2022/07/19 - 15:49:48.180","caller":"D:/GO/WorkSpace/new/fever_information/server/initialize/redis.go:22","message":"redis connet ping failed ,err :","error":"dial tcp 127.0.0.1:6379: connectex: No connection could be made because the target machine actively refused it."}
{"level":"\u001b[31merror\u001b[0m","time":"[association]2022/07/19 - 15:49:48.573","caller":"D:/GO/WorkSpace/new/fever_information/server/service/system/sys_user.go:117","message":"角色数据初始化失败","error":"Error 1062: Duplicate entry '2' for key 'sys_Roles.PRIMARY'"}
{"level":"\u001b[31merror\u001b[0m","time":"[association]2022/07/19 - 15:49:48.773","caller":"D:/GO/WorkSpace/new/fever_information/server/service/system/sys_district.go:58","message":"分类数据初始化失败","error":"Error 1062: Duplicate entry '2' for key 'districts.PRIMARY'"}
{"level":"\u001b[31merror\u001b[0m","time":"[association]2022/07/19 - 15:56:40.418","caller":"D:/GO/WorkSpace/new/fever_information/server/initialize/redis.go:22","message":"redis connet ping failed ,err :","error":"dial tcp 127.0.0.1:6379: connectex: No connection could be made because the target machine actively refused it."}
{"level":"\u001b[31merror\u001b[0m","time":"[association]2022/07/19 - 15:56:40.751","caller":"D:/GO/WorkSpace/new/fever_information/server/service/system/sys_user.go:117","message":"角色数据初始化失败","error":"Error 1062: Duplicate entry '2' for key 'sys_Roles.PRIMARY'"}
{"level":"\u001b[31merror\u001b[0m","time":"[association]2022/07/19 - 15:56:40.933","caller":"D:/GO/WorkSpace/new/fever_information/server/service/system/sys_district.go:58","message":"分类数据初始化失败","error":"Error 1062: Duplicate entry '2' for key 'districts.PRIMARY'"}
{"level":"\u001b[31merror\u001b[0m","time":"[association]2022/07/19 - 15:59:08.132","caller":"D:/GO/WorkSpace/new/fever_information/server/initialize/redis.go:22","message":"redis connet ping failed ,err :","error":"dial tcp 127.0.0.1:6379: connectex: No connection could be made because the target machine actively refused it."}
{"level":"\u001b[31merror\u001b[0m","time":"[association]2022/07/19 - 15:59:08.508","caller":"D:/GO/WorkSpace/new/fever_information/server/service/system/sys_user.go:117","message":"角色数据初始化失败","error":"Error 1062: Duplicate entry '2' for key 'sys_Roles.PRIMARY'"}
{"level":"\u001b[31merror\u001b[0m","time":"[association]2022/07/19 - 15:59:08.710","caller":"D:/GO/WorkSpace/new/fever_information/server/service/system/sys_district.go:58","message":"分类数据初始化失败","error":"Error 1062: Duplicate entry '2' for key 'districts.PRIMARY'"}
{"level":"\u001b[31merror\u001b[0m","time":"[association]2022/07/19 - 16:00:14.114","caller":"D:/GO/WorkSpace/new/fever_information/server/initialize/redis.go:22","message":"redis connet ping failed ,err :","error":"dial tcp 127.0.0.1:6379: connectex: No connection could be made because the target machine actively refused it."}
{"level":"\u001b[31merror\u001b[0m","time":"[association]2022/07/19 - 16:00:14.888","caller":"D:/GO/WorkSpace/new/fever_information/server/service/system/sys_user.go:117","message":"角色数据初始化失败","error":"Error 1062: Duplicate entry '2' for key 'sys_Roles.PRIMARY'"}
{"level":"\u001b[31merror\u001b[0m","time":"[association]2022/07/19 - 16:00:15.310","caller":"D:/GO/WorkSpace/new/fever_information/server/service/system/sys_district.go:58","message":"分类数据初始化失败","error":"Error 1062: Duplicate entry '2' for key 'districts.PRIMARY'"}
{"level":"\u001b[31merror\u001b[0m","time":"[association]2022/07/19 - 16:02:44.451","caller":"D:/GO/WorkSpace/new/fever_information/server/service/example/sys_email.go:26","message":"查询医院管理者信息失败","error":"sql: Scan error on column index 0, name \"email\": converting NULL to string is unsupported"}
{"level":"\u001b[31merror\u001b[0m","time":"[association]2022/07/19 - 16:07:37.437","caller":"D:/GO/WorkSpace/new/fever_information/server/service/system/sys_user.go:117","message":"角色数据初始化失败","error":"Error 1062: Duplicate entry '2' for key 'sys_Roles.PRIMARY'"}
{"level":"\u001b[31merror\u001b[0m","time":"[association]2022/07/19 - 16:07:37.625","caller":"D:/GO/WorkSpace/new/fever_information/server/service/system/sys_district.go:58","message":"分类数据初始化失败","error":"Error 1062: Duplicate entry '2' for key 'districts.PRIMARY'"}
{"level":"\u001b[31merror\u001b[0m","time":"[association]2022/07/19 - 16:08:18.178","caller":"D:/GO/WorkSpace/new/fever_information/server/service/system/sys_user.go:117","message":"角色数据初始化失败","error":"Error 1062: Duplicate entry '2' for key 'sys_Roles.PRIMARY'"}
{"level":"\u001b[31merror\u001b[0m","time":"[association]2022/07/19 - 16:08:18.379","caller":"D:/GO/WorkSpace/new/fever_information/server/service/system/sys_district.go:58","message":"分类数据初始化失败","error":"Error 1062: Duplicate entry '2' for key 'districts.PRIMARY'"}
{"level":"\u001b[31merror\u001b[0m","time":"[association]2022/07/19 - 16:08:43.834","caller":"D:/GO/WorkSpace/new/fever_information/server/service/system/sys_user.go:117","message":"角色数据初始化失败","error":"Error 1062: Duplicate entry '2' for key 'sys_Roles.PRIMARY'"}
{"level":"\u001b[31merror\u001b[0m","time":"[association]2022/07/19 - 16:08:44.020","caller":"D:/GO/WorkSpace/new/fever_information/server/service/system/sys_district.go:58","message":"分类数据初始化失败","error":"Error 1062: Duplicate entry '2' for key 'districts.PRIMARY'"}
{"level":"\u001b[31merror\u001b[0m","time":"[association]2022/07/19 - 16:58:42.889","caller":"D:/GO/WorkSpace/new/fever_information/server/service/system/sys_user.go:117","message":"角色数据初始化失败","error":"Error 1062: Duplicate entry '2' for key 'sys_Roles.PRIMARY'"}
{"level":"\u001b[31merror\u001b[0m","time":"[association]2022/07/19 - 16:58:43.063","caller":"D:/GO/WorkSpace/new/fever_information/server/service/system/sys_district.go:58","message":"分类数据初始化失败","error":"Error 1062: Duplicate entry '2' for key 'districts.PRIMARY'"}
{"level":"\u001b[31merror\u001b[0m","time":"[association]2022/07/19 - 17:00:05.841","caller":"D:/GO/WorkSpace/new/fever_information/server/service/system/sys_user.go:117","message":"角色数据初始化失败","error":"Error 1062: Duplicate entry '2' for key 'sys_Roles.PRIMARY'"}
{"level":"\u001b[31merror\u001b[0m","time":"[association]2022/07/19 - 17:00:06.005","caller":"D:/GO/WorkSpace/new/fever_information/server/service/system/sys_district.go:58","message":"分类数据初始化失败","error":"Error 1062: Duplicate entry '2' for key 'districts.PRIMARY'"}
{"level":"\u001b[31merror\u001b[0m","time":"[association]2022/07/19 - 17:03:19.064","caller":"D:/GO/WorkSpace/new/fever_information/server/service/system/sys_user.go:117","message":"角色数据初始化失败","error":"Error 1062: Duplicate entry '2' for key 'sys_Roles.PRIMARY'"}
{"level":"\u001b[31merror\u001b[0m","time":"[association]2022/07/19 - 17:03:19.339","caller":"D:/GO/WorkSpace/new/fever_information/server/service/system/sys_district.go:58","message":"分类数据初始化失败","error":"Error 1062: Duplicate entry '2' for key 'districts.PRIMARY'"}
{"level":"\u001b[31merror\u001b[0m","time":"[association]2022/07/19 - 22:21:45.715","caller":"D:/GO/WorkSpace/new/fever_information/server/service/system/sys_user.go:117","message":"角色数据初始化失败","error":"Error 1062: Duplicate entry '2' for key 'sys_Roles.PRIMARY'"}
{"level":"\u001b[31merror\u001b[0m","time":"[association]2022/07/19 - 22:21:45.924","caller":"D:/GO/WorkSpace/new/fever_information/server/service/system/sys_district.go:58","message":"分类数据初始化失败","error":"Error 1062: Duplicate entry '2' for key 'districts.PRIMARY'"}
{"level":"\u001b[31merror\u001b[0m","time":"[association]2022/07/19 - 22:22:19.887","caller":"D:/GO/WorkSpace/new/fever_information/server/service/system/sys_user.go:117","message":"角色数据初始化失败","error":"Error 1062: Duplicate entry '2' for key 'sys_Roles.PRIMARY'"}
{"level":"\u001b[31merror\u001b[0m","time":"[association]2022/07/19 - 22:22:20.056","caller":"D:/GO/WorkSpace/new/fever_information/server/service/system/sys_district.go:58","message":"分类数据初始化失败","error":"Error 1062: Duplicate entry '2' for key 'districts.PRIMARY'"}
{"level":"\u001b[31merror\u001b[0m","time":"[association]2022/07/19 - 22:22:29.143","caller":"D:/GO/WorkSpace/new/fever_information/server/service/example/sys_email.go:39","message":"解析模板失败！","error":"template: email-template.html:40:54: executing \"email-template.html\" at <.Name>: can't evaluate field Name in type []dto.AdminPush"}
{"level":"\u001b[31merror\u001b[0m","time":"[association]2022/07/19 - 22:22:29.143","caller":"D:/GO/WorkSpace/new/fever_information/server/initialize/timer.go:52","message":"发送邮件失败","error":"template: email-template.html:40:54: executing \"email-template.html\" at <.Name>: can't evaluate field Name in type []dto.AdminPush"}
{"level":"\u001b[31merror\u001b[0m","time":"[association]2022/07/19 - 22:22:38.795","caller":"D:/GO/WorkSpace/new/fever_information/server/service/example/sys_email.go:39","message":"解析模板失败！","error":"template: email-template.html:40:54: executing \"email-template.html\" at <.Name>: can't evaluate field Name in type []dto.AdminPush"}
{"level":"\u001b[31merror\u001b[0m","time":"[association]2022/07/19 - 22:22:38.795","caller":"D:/GO/WorkSpace/new/fever_information/server/initialize/timer.go:52","message":"发送邮件失败","error":"template: email-template.html:40:54: executing \"email-template.html\" at <.Name>: can't evaluate field Name in type []dto.AdminPush"}
{"level":"\u001b[31merror\u001b[0m","time":"[association]2022/07/19 - 22:28:17.616","caller":"D:/GO/WorkSpace/new/fever_information/server/service/system/sys_user.go:117","message":"角色数据初始化失败","error":"Error 1062: Duplicate entry '2' for key 'sys_Roles.PRIMARY'"}
{"level":"\u001b[31merror\u001b[0m","time":"[association]2022/07/19 - 22:28:17.857","caller":"D:/GO/WorkSpace/new/fever_information/server/service/system/sys_district.go:58","message":"分类数据初始化失败","error":"Error 1062: Duplicate entry '2' for key 'districts.PRIMARY'"}
{"level":"\u001b[31merror\u001b[0m","time":"[association]2022/07/19 - 22:28:26.863","caller":"D:/GO/WorkSpace/new/fever_information/server/service/example/sys_email.go:39","message":"解析模板失败！","error":"template: email-template.html:44:27: executing \"email-template.html\" at <.HosptialName>: can't evaluate field HosptialName in type dto.AdminPush"}
{"level":"\u001b[31merror\u001b[0m","time":"[association]2022/07/19 - 22:28:26.863","caller":"D:/GO/WorkSpace/new/fever_information/server/initialize/timer.go:52","message":"发送邮件失败","error":"template: email-template.html:44:27: executing \"email-template.html\" at <.HosptialName>: can't evaluate field HosptialName in type dto.AdminPush"}
{"level":"\u001b[31merror\u001b[0m","time":"[association]2022/07/19 - 22:29:44.193","caller":"D:/GO/WorkSpace/new/fever_information/server/service/system/sys_user.go:117","message":"角色数据初始化失败","error":"Error 1062: Duplicate entry '2' for key 'sys_Roles.PRIMARY'"}
{"level":"\u001b[31merror\u001b[0m","time":"[association]2022/07/19 - 22:29:44.367","caller":"D:/GO/WorkSpace/new/fever_information/server/service/system/sys_district.go:58","message":"分类数据初始化失败","error":"Error 1062: Duplicate entry '2' for key 'districts.PRIMARY'"}
{"level":"\u001b[31merror\u001b[0m","time":"[association]2022/07/19 - 22:34:05.828","caller":"D:/GO/WorkSpace/new/fever_information/server/service/system/sys_user.go:117","message":"角色数据初始化失败","error":"Error 1062: Duplicate entry '2' for key 'sys_Roles.PRIMARY'"}
{"level":"\u001b[31merror\u001b[0m","time":"[association]2022/07/19 - 22:34:06.006","caller":"D:/GO/WorkSpace/new/fever_information/server/service/system/sys_district.go:58","message":"分类数据初始化失败","error":"Error 1062: Duplicate entry '2' for key 'districts.PRIMARY'"}
{"level":"\u001b[31merror\u001b[0m","time":"[association]2022/07/19 - 22:43:13.232","caller":"D:/GO/WorkSpace/new/fever_information/server/service/system/sys_user.go:117","message":"角色数据初始化失败","error":"Error 1062: Duplicate entry '2' for key 'sys_Roles.PRIMARY'"}
{"level":"\u001b[31merror\u001b[0m","time":"[association]2022/07/19 - 22:43:13.403","caller":"D:/GO/WorkSpace/new/fever_information/server/service/system/sys_district.go:58","message":"分类数据初始化失败","error":"Error 1062: Duplicate entry '2' for key 'districts.PRIMARY'"}
{"level":"\u001b[31merror\u001b[0m","time":"[association]2022/07/19 - 22:44:08.589","caller":"D:/GO/WorkSpace/new/fever_information/server/service/system/sys_user.go:117","message":"角色数据初始化失败","error":"Error 1062: Duplicate entry '2' for key 'sys_Roles.PRIMARY'"}
{"level":"\u001b[31merror\u001b[0m","time":"[association]2022/07/19 - 22:44:08.754","caller":"D:/GO/WorkSpace/new/fever_information/server/service/system/sys_district.go:58","message":"分类数据初始化失败","error":"Error 1062: Duplicate entry '2' for key 'districts.PRIMARY'"}
