{"level":"\u001b[31merror\u001b[0m","time":"[association]2022/07/18 - 18:11:25.830","caller":"D:/GO/WorkSpace/new/fever_information/server/service/system/sys_user.go:117","message":"角色数据初始化失败","error":"Error 1062: Duplicate entry '2' for key 'PRIMARY'"}
{"level":"\u001b[31merror\u001b[0m","time":"[association]2022/07/18 - 18:11:25.832","caller":"D:/GO/WorkSpace/new/fever_information/server/service/system/sys_district.go:58","message":"分类数据初始化失败","error":"Error 1062: Duplicate entry '2' for key 'PRIMARY'"}
{"level":"\u001b[31merror\u001b[0m","time":"[association]2022/07/18 - 18:17:45.266","caller":"D:/GO/WorkSpace/new/fever_information/server/service/system/sys_user.go:117","message":"角色数据初始化失败","error":"Error 1062: Duplicate entry '2' for key 'PRIMARY'"}
{"level":"\u001b[31merror\u001b[0m","time":"[association]2022/07/18 - 18:17:45.268","caller":"D:/GO/WorkSpace/new/fever_information/server/service/system/sys_district.go:58","message":"分类数据初始化失败","error":"Error 1062: Duplicate entry '2' for key 'PRIMARY'"}
{"level":"\u001b[31merror\u001b[0m","time":"[association]2022/07/18 - 19:10:56.524","caller":"D:/GO/WorkSpace/new/fever_information/server/service/system/sys_user.go:117","message":"角色数据初始化失败","error":"Error 1062: Duplicate entry '2' for key 'PRIMARY'"}
{"level":"\u001b[31merror\u001b[0m","time":"[association]2022/07/18 - 19:10:56.525","caller":"D:/GO/WorkSpace/new/fever_information/server/service/system/sys_district.go:58","message":"分类数据初始化失败","error":"Error 1062: Duplicate entry '2' for key 'PRIMARY'"}
{"level":"\u001b[31merror\u001b[0m","time":"[association]2022/07/18 - 19:12:03.404","caller":"D:/GO/WorkSpace/new/fever_information/server/service/system/sys_user.go:117","message":"角色数据初始化失败","error":"Error 1062: Duplicate entry '2' for key 'sys_Roles.PRIMARY'"}
{"level":"\u001b[31merror\u001b[0m","time":"[association]2022/07/18 - 19:12:03.578","caller":"D:/GO/WorkSpace/new/fever_information/server/service/system/sys_district.go:58","message":"分类数据初始化失败","error":"Error 1062: Duplicate entry '2' for key 'districts.PRIMARY'"}
{"level":"\u001b[31merror\u001b[0m","time":"[association]2022/07/18 - 20:55:53.687","caller":"D:/GO/WorkSpace/new/fever_information/server/service/system/sys_user.go:117","message":"角色数据初始化失败","error":"Error 1062: Duplicate entry '2' for key 'PRIMARY'"}
{"level":"\u001b[31merror\u001b[0m","time":"[association]2022/07/18 - 20:55:53.688","caller":"D:/GO/WorkSpace/new/fever_information/server/service/system/sys_district.go:58","message":"分类数据初始化失败","error":"Error 1062: Duplicate entry '2' for key 'PRIMARY'"}
{"level":"\u001b[31merror\u001b[0m","time":"[association]2022/07/18 - 21:04:55.077","caller":"D:/GO/WorkSpace/new/fever_information/server/service/system/sys_user.go:117","message":"角色数据初始化失败","error":"Error 1062: Duplicate entry '2' for key 'PRIMARY'"}
{"level":"\u001b[31merror\u001b[0m","time":"[association]2022/07/18 - 21:04:55.079","caller":"D:/GO/WorkSpace/new/fever_information/server/service/system/sys_district.go:58","message":"分类数据初始化失败","error":"Error 1062: Duplicate entry '2' for key 'PRIMARY'"}
{"level":"\u001b[31merror\u001b[0m","time":"[association]2022/07/18 - 21:05:13.441","caller":"D:/GO/WorkSpace/new/fever_information/server/service/system/sys_user.go:117","message":"角色数据初始化失败","error":"Error 1062: Duplicate entry '2' for key 'PRIMARY'"}
{"level":"\u001b[31merror\u001b[0m","time":"[association]2022/07/18 - 21:05:13.443","caller":"D:/GO/WorkSpace/new/fever_information/server/service/system/sys_district.go:58","message":"分类数据初始化失败","error":"Error 1062: Duplicate entry '2' for key 'PRIMARY'"}
{"level":"\u001b[31merror\u001b[0m","time":"[association]2022/07/18 - 21:07:18.663","caller":"D:/GO/WorkSpace/new/fever_information/server/initialize/redis.go:22","message":"redis connet ping failed ,err :","error":"dial tcp 47.95.13.13:6379: i/o timeout"}
{"level":"\u001b[31merror\u001b[0m","time":"[association]2022/07/18 - 21:07:52.153","caller":"D:/GO/WorkSpace/new/fever_information/server/initialize/redis.go:22","message":"redis connet ping failed ,err :","error":"dial tcp 47.95.13.13:6379: i/o timeout"}
{"level":"\u001b[31merror\u001b[0m","time":"[association]2022/07/18 - 21:09:29.030","caller":"D:/GO/WorkSpace/new/fever_information/server/service/system/sys_user.go:117","message":"角色数据初始化失败","error":"Error 1062: Duplicate entry '2' for key 'sys_Roles.PRIMARY'"}
{"level":"\u001b[31merror\u001b[0m","time":"[association]2022/07/18 - 21:09:29.197","caller":"D:/GO/WorkSpace/new/fever_information/server/service/system/sys_district.go:58","message":"分类数据初始化失败","error":"Error 1062: Duplicate entry '2' for key 'districts.PRIMARY'"}
{"level":"\u001b[31merror\u001b[0m","time":"[association]2022/07/18 - 21:09:58.942","caller":"D:/GO/WorkSpace/new/fever_information/server/service/system/sys_user.go:117","message":"角色数据初始化失败","error":"Error 1062: Duplicate entry '2' for key 'sys_Roles.PRIMARY'"}
{"level":"\u001b[31merror\u001b[0m","time":"[association]2022/07/18 - 21:09:59.136","caller":"D:/GO/WorkSpace/new/fever_information/server/service/system/sys_district.go:58","message":"分类数据初始化失败","error":"Error 1062: Duplicate entry '2' for key 'districts.PRIMARY'"}
{"level":"\u001b[31merror\u001b[0m","time":"[association]2022/07/18 - 21:11:07.623","caller":"D:/GO/WorkSpace/new/fever_information/server/service/system/sys_user.go:117","message":"角色数据初始化失败","error":"Error 1062: Duplicate entry '2' for key 'sys_Roles.PRIMARY'"}
{"level":"\u001b[31merror\u001b[0m","time":"[association]2022/07/18 - 21:11:07.799","caller":"D:/GO/WorkSpace/new/fever_information/server/service/system/sys_district.go:58","message":"分类数据初始化失败","error":"Error 1062: Duplicate entry '2' for key 'districts.PRIMARY'"}
{"level":"\u001b[31merror\u001b[0m","time":"[association]2022/07/18 - 21:12:19.088","caller":"D:/GO/WorkSpace/new/fever_information/server/service/system/sys_user.go:117","message":"角色数据初始化失败","error":"Error 1062: Duplicate entry '2' for key 'sys_Roles.PRIMARY'"}
{"level":"\u001b[31merror\u001b[0m","time":"[association]2022/07/18 - 21:12:19.568","caller":"D:/GO/WorkSpace/new/fever_information/server/service/system/sys_district.go:58","message":"分类数据初始化失败","error":"Error 1062: Duplicate entry '2' for key 'districts.PRIMARY'"}
{"level":"\u001b[31merror\u001b[0m","time":"[association]2022/07/18 - 21:14:03.840","caller":"D:/GO/WorkSpace/new/fever_information/server/service/system/sys_user.go:117","message":"角色数据初始化失败","error":"Error 1062: Duplicate entry '2' for key 'sys_Roles.PRIMARY'"}
{"level":"\u001b[31merror\u001b[0m","time":"[association]2022/07/18 - 21:14:04.104","caller":"D:/GO/WorkSpace/new/fever_information/server/service/system/sys_district.go:58","message":"分类数据初始化失败","error":"Error 1062: Duplicate entry '2' for key 'districts.PRIMARY'"}
{"level":"\u001b[31merror\u001b[0m","time":"[association]2022/07/18 - 21:14:44.566","caller":"D:/GO/WorkSpace/new/fever_information/server/service/system/sys_user.go:117","message":"角色数据初始化失败","error":"Error 1062: Duplicate entry '2' for key 'sys_Roles.PRIMARY'"}
{"level":"\u001b[31merror\u001b[0m","time":"[association]2022/07/18 - 21:14:44.737","caller":"D:/GO/WorkSpace/new/fever_information/server/service/system/sys_district.go:58","message":"分类数据初始化失败","error":"Error 1062: Duplicate entry '2' for key 'districts.PRIMARY'"}
{"level":"\u001b[31merror\u001b[0m","time":"[association]2022/07/18 - 21:17:52.051","caller":"D:/GO/WorkSpace/new/fever_information/server/service/system/sys_user.go:117","message":"角色数据初始化失败","error":"Error 1062: Duplicate entry '2' for key 'sys_Roles.PRIMARY'"}
{"level":"\u001b[31merror\u001b[0m","time":"[association]2022/07/18 - 21:17:52.390","caller":"D:/GO/WorkSpace/new/fever_information/server/service/system/sys_district.go:58","message":"分类数据初始化失败","error":"Error 1062: Duplicate entry '2' for key 'districts.PRIMARY'"}
{"level":"\u001b[31merror\u001b[0m","time":"[association]2022/07/18 - 21:26:13.901","caller":"D:/GO/WorkSpace/new/fever_information/server/service/system/sys_user.go:117","message":"角色数据初始化失败","error":"Error 1062: Duplicate entry '2' for key 'sys_Roles.PRIMARY'"}
{"level":"\u001b[31merror\u001b[0m","time":"[association]2022/07/18 - 21:26:14.113","caller":"D:/GO/WorkSpace/new/fever_information/server/service/system/sys_district.go:58","message":"分类数据初始化失败","error":"Error 1062: Duplicate entry '2' for key 'districts.PRIMARY'"}
{"level":"\u001b[31merror\u001b[0m","time":"[association]2022/07/18 - 21:45:28.431","caller":"D:/GO/WorkSpace/new/fever_information/server/service/system/sys_user.go:117","message":"角色数据初始化失败","error":"Error 1062: Duplicate entry '2' for key 'sys_Roles.PRIMARY'"}
{"level":"\u001b[31merror\u001b[0m","time":"[association]2022/07/18 - 21:45:28.614","caller":"D:/GO/WorkSpace/new/fever_information/server/service/system/sys_district.go:58","message":"分类数据初始化失败","error":"Error 1062: Duplicate entry '2' for key 'districts.PRIMARY'"}
{"level":"\u001b[31merror\u001b[0m","time":"[association]2022/07/18 - 21:46:29.586","caller":"D:/GO/WorkSpace/new/fever_information/server/service/system/sys_user.go:117","message":"角色数据初始化失败","error":"Error 1062: Duplicate entry '2' for key 'sys_Roles.PRIMARY'"}
{"level":"\u001b[31merror\u001b[0m","time":"[association]2022/07/18 - 21:46:29.768","caller":"D:/GO/WorkSpace/new/fever_information/server/service/system/sys_district.go:58","message":"分类数据初始化失败","error":"Error 1062: Duplicate entry '2' for key 'districts.PRIMARY'"}
{"level":"\u001b[31merror\u001b[0m","time":"[association]2022/07/18 - 21:47:17.470","caller":"D:/GO/WorkSpace/new/fever_information/server/service/system/sys_user.go:117","message":"角色数据初始化失败","error":"Error 1062: Duplicate entry '2' for key 'sys_Roles.PRIMARY'"}
{"level":"\u001b[31merror\u001b[0m","time":"[association]2022/07/18 - 21:47:17.660","caller":"D:/GO/WorkSpace/new/fever_information/server/service/system/sys_district.go:58","message":"分类数据初始化失败","error":"Error 1062: Duplicate entry '2' for key 'districts.PRIMARY'"}
{"level":"\u001b[31merror\u001b[0m","time":"[association]2022/07/18 - 22:01:11.945","caller":"D:/GO/WorkSpace/new/fever_information/server/service/system/sys_user.go:117","message":"角色数据初始化失败","error":"Error 1062: Duplicate entry '2' for key 'sys_Roles.PRIMARY'"}
{"level":"\u001b[31merror\u001b[0m","time":"[association]2022/07/18 - 22:01:12.100","caller":"D:/GO/WorkSpace/new/fever_information/server/service/system/sys_district.go:58","message":"分类数据初始化失败","error":"Error 1062: Duplicate entry '2' for key 'districts.PRIMARY'"}
{"level":"\u001b[31merror\u001b[0m","time":"[association]2022/07/18 - 22:01:42.733","caller":"D:/GO/WorkSpace/new/fever_information/server/service/system/sys_hospital.go:28","message":"查询医院负责人信息失败","error":"Error 1064: You have an error in your SQL syntax; check the manual that corresponds to your MySQL server version for the right syntax to use near 'SELECT boos_id FROM `hospitals` WHERE id = ? AND `sys_users`.`deleted_at` IS NUL' at line 1"}
{"level":"\u001b[31merror\u001b[0m","time":"[association]2022/07/18 - 22:01:42.733","caller":"D:/GO/WorkSpace/new/fever_information/server/api/system/sys_hospital.go:48","message":"查询失败","error":"Error 1064: You have an error in your SQL syntax; check the manual that corresponds to your MySQL server version for the right syntax to use near 'SELECT boos_id FROM `hospitals` WHERE id = ? AND `sys_users`.`deleted_at` IS NUL' at line 1"}
{"level":"\u001b[31merror\u001b[0m","time":"[association]2022/07/18 - 22:05:04.098","caller":"D:/GO/WorkSpace/new/fever_information/server/service/system/sys_user.go:117","message":"角色数据初始化失败","error":"Error 1062: Duplicate entry '2' for key 'sys_Roles.PRIMARY'"}
{"level":"\u001b[31merror\u001b[0m","time":"[association]2022/07/18 - 22:05:04.269","caller":"D:/GO/WorkSpace/new/fever_information/server/service/system/sys_district.go:58","message":"分类数据初始化失败","error":"Error 1062: Duplicate entry '2' for key 'districts.PRIMARY'"}
{"level":"\u001b[31merror\u001b[0m","time":"[association]2022/07/18 - 22:05:06.203","caller":"D:/GO/WorkSpace/new/fever_information/server/service/system/sys_hospital.go:28","message":"查询医院负责人信息失败","error":"Error 1064: You have an error in your SQL syntax; check the manual that corresponds to your MySQL server version for the right syntax to use near 'SELECT boos_id FROM `hospitals` WHERE id = ? AND `sys_users`.`deleted_at` IS NUL' at line 1"}
{"level":"\u001b[31merror\u001b[0m","time":"[association]2022/07/18 - 22:05:06.203","caller":"D:/GO/WorkSpace/new/fever_information/server/api/system/sys_hospital.go:48","message":"查询失败","error":"Error 1064: You have an error in your SQL syntax; check the manual that corresponds to your MySQL server version for the right syntax to use near 'SELECT boos_id FROM `hospitals` WHERE id = ? AND `sys_users`.`deleted_at` IS NUL' at line 1"}
{"level":"\u001b[31merror\u001b[0m","time":"[association]2022/07/18 - 22:05:40.821","caller":"D:/GO/WorkSpace/new/fever_information/server/service/system/sys_user.go:117","message":"角色数据初始化失败","error":"Error 1062: Duplicate entry '2' for key 'sys_Roles.PRIMARY'"}
{"level":"\u001b[31merror\u001b[0m","time":"[association]2022/07/18 - 22:05:41.003","caller":"D:/GO/WorkSpace/new/fever_information/server/service/system/sys_district.go:58","message":"分类数据初始化失败","error":"Error 1062: Duplicate entry '2' for key 'districts.PRIMARY'"}
{"level":"\u001b[31merror\u001b[0m","time":"[association]2022/07/18 - 22:05:48.749","caller":"D:/GO/WorkSpace/new/fever_information/server/service/system/sys_hospital.go:28","message":"查询医院负责人信息失败","error":"Error 1064: You have an error in your SQL syntax; check the manual that corresponds to your MySQL server version for the right syntax to use near 'SELECT boos_id FROM `hospitals` WHERE id = ? AND `sys_users`.`deleted_at` IS NUL' at line 1"}
{"level":"\u001b[31merror\u001b[0m","time":"[association]2022/07/18 - 22:05:48.749","caller":"D:/GO/WorkSpace/new/fever_information/server/api/system/sys_hospital.go:48","message":"查询失败","error":"Error 1064: You have an error in your SQL syntax; check the manual that corresponds to your MySQL server version for the right syntax to use near 'SELECT boos_id FROM `hospitals` WHERE id = ? AND `sys_users`.`deleted_at` IS NUL' at line 1"}
{"level":"\u001b[31merror\u001b[0m","time":"[association]2022/07/18 - 22:12:11.389","caller":"D:/GO/WorkSpace/new/fever_information/server/service/system/sys_user.go:117","message":"角色数据初始化失败","error":"Error 1062: Duplicate entry '2' for key 'sys_Roles.PRIMARY'"}
{"level":"\u001b[31merror\u001b[0m","time":"[association]2022/07/18 - 22:12:11.571","caller":"D:/GO/WorkSpace/new/fever_information/server/service/system/sys_district.go:58","message":"分类数据初始化失败","error":"Error 1062: Duplicate entry '2' for key 'districts.PRIMARY'"}
{"level":"\u001b[31merror\u001b[0m","time":"[association]2022/07/18 - 22:12:36.125","caller":"D:/GO/WorkSpace/new/fever_information/server/service/system/sys_user.go:117","message":"角色数据初始化失败","error":"Error 1062: Duplicate entry '2' for key 'sys_Roles.PRIMARY'"}
{"level":"\u001b[31merror\u001b[0m","time":"[association]2022/07/18 - 22:12:36.304","caller":"D:/GO/WorkSpace/new/fever_information/server/service/system/sys_district.go:58","message":"分类数据初始化失败","error":"Error 1062: Duplicate entry '2' for key 'districts.PRIMARY'"}
{"level":"\u001b[31merror\u001b[0m","time":"[association]2022/07/18 - 22:15:29.962","caller":"D:/GO/WorkSpace/new/fever_information/server/service/system/sys_user.go:117","message":"角色数据初始化失败","error":"Error 1062: Duplicate entry '2' for key 'sys_Roles.PRIMARY'"}
{"level":"\u001b[31merror\u001b[0m","time":"[association]2022/07/18 - 22:15:30.131","caller":"D:/GO/WorkSpace/new/fever_information/server/service/system/sys_district.go:58","message":"分类数据初始化失败","error":"Error 1062: Duplicate entry '2' for key 'districts.PRIMARY'"}
{"level":"\u001b[31merror\u001b[0m","time":"[association]2022/07/18 - 22:26:07.684","caller":"D:/GO/WorkSpace/new/fever_information/server/service/system/sys_user.go:117","message":"角色数据初始化失败","error":"Error 1062: Duplicate entry '2' for key 'sys_Roles.PRIMARY'"}
{"level":"\u001b[31merror\u001b[0m","time":"[association]2022/07/18 - 22:26:07.964","caller":"D:/GO/WorkSpace/new/fever_information/server/service/system/sys_district.go:58","message":"分类数据初始化失败","error":"Error 1062: Duplicate entry '2' for key 'districts.PRIMARY'"}
{"level":"\u001b[31merror\u001b[0m","time":"[association]2022/07/18 - 22:26:10.172","caller":"D:/GO/WorkSpace/new/fever_information/server/api/system/sys_hospital.go:188","message":"查询失败","error":"Page值不能为空"}
{"level":"\u001b[31merror\u001b[0m","time":"[association]2022/07/18 - 22:26:36.853","caller":"D:/GO/WorkSpace/new/fever_information/server/service/system/sys_user.go:117","message":"角色数据初始化失败","error":"Error 1062: Duplicate entry '2' for key 'sys_Roles.PRIMARY'"}
{"level":"\u001b[31merror\u001b[0m","time":"[association]2022/07/18 - 22:26:37.113","caller":"D:/GO/WorkSpace/new/fever_information/server/service/system/sys_district.go:58","message":"分类数据初始化失败","error":"Error 1062: Duplicate entry '2' for key 'districts.PRIMARY'"}
{"level":"\u001b[31merror\u001b[0m","time":"[association]2022/07/18 - 22:27:53.577","caller":"D:/GO/WorkSpace/new/fever_information/server/service/system/sys_user.go:117","message":"角色数据初始化失败","error":"Error 1062: Duplicate entry '2' for key 'sys_Roles.PRIMARY'"}
{"level":"\u001b[31merror\u001b[0m","time":"[association]2022/07/18 - 22:27:53.760","caller":"D:/GO/WorkSpace/new/fever_information/server/service/system/sys_district.go:58","message":"分类数据初始化失败","error":"Error 1062: Duplicate entry '2' for key 'districts.PRIMARY'"}
{"level":"\u001b[31merror\u001b[0m","time":"[association]2022/07/18 - 22:29:43.852","caller":"D:/GO/WorkSpace/new/fever_information/server/service/system/sys_hospital.go:129","message":"修改医院负责人信息失败","error":"invalid connection"}
{"level":"\u001b[31merror\u001b[0m","time":"[association]2022/07/18 - 22:29:43.852","caller":"D:/GO/WorkSpace/new/fever_information/server/api/system/sys_hospital.go:188","message":"查询失败","error":"invalid connection"}
{"level":"\u001b[31merror\u001b[0m","time":"[association]2022/07/18 - 22:29:52.246","caller":"D:/GO/WorkSpace/new/fever_information/server/service/system/sys_user.go:117","message":"角色数据初始化失败","error":"Error 1062: Duplicate entry '2' for key 'sys_Roles.PRIMARY'"}
{"level":"\u001b[31merror\u001b[0m","time":"[association]2022/07/18 - 22:29:52.423","caller":"D:/GO/WorkSpace/new/fever_information/server/service/system/sys_district.go:58","message":"分类数据初始化失败","error":"Error 1062: Duplicate entry '2' for key 'districts.PRIMARY'"}
{"level":"\u001b[31merror\u001b[0m","time":"[association]2022/07/18 - 22:32:13.634","caller":"D:/GO/WorkSpace/new/fever_information/server/api/system/sys_hospital.go:188","message":"查询失败","error":"Page值不能为空"}
{"level":"\u001b[31merror\u001b[0m","time":"[association]2022/07/18 - 22:32:47.107","caller":"D:/GO/WorkSpace/new/fever_information/server/api/system/sys_hospital.go:188","message":"查询失败","error":"Page值不能为空"}
