{"level":"\u001b[31merror\u001b[0m","time":"[association]2022/07/14 - 10:09:06.416","caller":"D:/GO/WorkSpace/new/fever_information/server/initialize/redis.go:22","message":"redis connet ping failed ,err :","error":"dial tcp 127.0.0.1:6379: connectex: No connection could be made because the target machine actively refused it."}
{"level":"\u001b[31merror\u001b[0m","time":"[association]2022/07/14 - 10:12:26.258","caller":"D:/GO/WorkSpace/new/fever_information/server/initialize/redis.go:22","message":"redis connet ping failed ,err :","error":"dial tcp 127.0.0.1:6379: connectex: No connection could be made because the target machine actively refused it."}
{"level":"\u001b[31merror\u001b[0m","time":"[association]2022/07/14 - 10:12:51.621","caller":"D:/GO/WorkSpace/new/fever_information/server/service/system/sys_user.go:117","message":"角色数据初始化失败","error":"Error 1062: Duplicate entry '2' for key 'PRIMARY'"}
{"level":"\u001b[31merror\u001b[0m","time":"[association]2022/07/14 - 10:12:51.626","caller":"D:/GO/WorkSpace/new/fever_information/server/service/system/sys_district.go:58","message":"分类数据初始化失败","error":"Error 1062: Duplicate entry '2' for key 'PRIMARY'"}
{"level":"\u001b[31merror\u001b[0m","time":"[association]2022/07/14 - 10:14:31.107","caller":"D:/GO/WorkSpace/new/fever_information/server/service/system/sys_user.go:117","message":"角色数据初始化失败","error":"Error 1062: Duplicate entry '2' for key 'PRIMARY'"}
{"level":"\u001b[31merror\u001b[0m","time":"[association]2022/07/14 - 10:14:31.111","caller":"D:/GO/WorkSpace/new/fever_information/server/service/system/sys_district.go:58","message":"分类数据初始化失败","error":"Error 1062: Duplicate entry '2' for key 'PRIMARY'"}
{"level":"\u001b[31merror\u001b[0m","time":"[association]2022/07/14 - 10:15:40.182","caller":"D:/GO/WorkSpace/new/fever_information/server/service/system/sys_user.go:117","message":"角色数据初始化失败","error":"Error 1062: Duplicate entry '2' for key 'PRIMARY'"}
{"level":"\u001b[31merror\u001b[0m","time":"[association]2022/07/14 - 10:15:40.184","caller":"D:/GO/WorkSpace/new/fever_information/server/service/system/sys_district.go:58","message":"分类数据初始化失败","error":"Error 1062: Duplicate entry '2' for key 'PRIMARY'"}
{"level":"\u001b[31merror\u001b[0m","time":"[association]2022/07/14 - 10:17:16.876","caller":"D:/GO/WorkSpace/new/fever_information/server/service/system/sys_user.go:117","message":"角色数据初始化失败","error":"Error 1062: Duplicate entry '2' for key 'PRIMARY'"}
{"level":"\u001b[31merror\u001b[0m","time":"[association]2022/07/14 - 10:17:16.877","caller":"D:/GO/WorkSpace/new/fever_information/server/service/system/sys_district.go:58","message":"分类数据初始化失败","error":"Error 1062: Duplicate entry '2' for key 'PRIMARY'"}
{"level":"\u001b[31merror\u001b[0m","time":"[association]2022/07/14 - 10:17:29.824","caller":"D:/GO/WorkSpace/new/fever_information/server/service/system/sys_user.go:117","message":"角色数据初始化失败","error":"Error 1062: Duplicate entry '2' for key 'PRIMARY'"}
{"level":"\u001b[31merror\u001b[0m","time":"[association]2022/07/14 - 10:17:29.826","caller":"D:/GO/WorkSpace/new/fever_information/server/service/system/sys_district.go:58","message":"分类数据初始化失败","error":"Error 1062: Duplicate entry '2' for key 'PRIMARY'"}
{"level":"\u001b[31merror\u001b[0m","time":"[association]2022/07/14 - 10:19:25.678","caller":"D:/GO/WorkSpace/new/fever_information/server/service/system/sys_user.go:117","message":"角色数据初始化失败","error":"Error 1062: Duplicate entry '2' for key 'PRIMARY'"}
{"level":"\u001b[31merror\u001b[0m","time":"[association]2022/07/14 - 10:19:25.679","caller":"D:/GO/WorkSpace/new/fever_information/server/service/system/sys_district.go:58","message":"分类数据初始化失败","error":"Error 1062: Duplicate entry '2' for key 'PRIMARY'"}
{"level":"\u001b[31merror\u001b[0m","time":"[association]2022/07/14 - 10:19:48.794","caller":"D:/GO/WorkSpace/new/fever_information/server/service/system/sys_user.go:117","message":"角色数据初始化失败","error":"Error 1062: Duplicate entry '2' for key 'PRIMARY'"}
{"level":"\u001b[31merror\u001b[0m","time":"[association]2022/07/14 - 10:19:48.795","caller":"D:/GO/WorkSpace/new/fever_information/server/service/system/sys_district.go:58","message":"分类数据初始化失败","error":"Error 1062: Duplicate entry '2' for key 'PRIMARY'"}
{"level":"\u001b[31merror\u001b[0m","time":"[association]2022/07/14 - 10:20:15.631","caller":"D:/GO/WorkSpace/new/fever_information/server/service/system/sys_user.go:117","message":"角色数据初始化失败","error":"Error 1062: Duplicate entry '2' for key 'PRIMARY'"}
{"level":"\u001b[31merror\u001b[0m","time":"[association]2022/07/14 - 10:20:15.633","caller":"D:/GO/WorkSpace/new/fever_information/server/service/system/sys_district.go:58","message":"分类数据初始化失败","error":"Error 1062: Duplicate entry '2' for key 'PRIMARY'"}
{"level":"\u001b[31merror\u001b[0m","time":"[association]2022/07/14 - 10:22:28.056","caller":"D:/GO/WorkSpace/new/fever_information/server/service/system/sys_user.go:117","message":"角色数据初始化失败","error":"Error 1062: Duplicate entry '2' for key 'PRIMARY'"}
{"level":"\u001b[31merror\u001b[0m","time":"[association]2022/07/14 - 10:22:28.058","caller":"D:/GO/WorkSpace/new/fever_information/server/service/system/sys_district.go:58","message":"分类数据初始化失败","error":"Error 1062: Duplicate entry '2' for key 'PRIMARY'"}
{"level":"\u001b[31merror\u001b[0m","time":"[association]2022/07/14 - 10:23:03.817","caller":"D:/GO/WorkSpace/new/fever_information/server/service/system/sys_hospital.go:59","message":"链表查询医院信息VO数据失败","error":"Error 1054: Unknown column 'HospitalId' in 'where clause'"}
{"level":"\u001b[31merror\u001b[0m","time":"[association]2022/07/14 - 10:23:03.817","caller":"D:/GO/WorkSpace/new/fever_information/server/api/system/sys_hospital.go:54","message":"查询失败","error":"Error 1054: Unknown column 'HospitalId' in 'where clause'"}
{"level":"\u001b[31merror\u001b[0m","time":"[association]2022/07/14 - 10:23:33.143","caller":"D:/GO/WorkSpace/new/fever_information/server/service/system/sys_hospital.go:59","message":"链表查询医院信息VO数据失败","error":"Error 1054: Unknown column 'HospitalId' in 'where clause'"}
{"level":"\u001b[31merror\u001b[0m","time":"[association]2022/07/14 - 10:23:33.143","caller":"D:/GO/WorkSpace/new/fever_information/server/api/system/sys_hospital.go:54","message":"查询失败","error":"Error 1054: Unknown column 'HospitalId' in 'where clause'"}
{"level":"\u001b[31merror\u001b[0m","time":"[association]2022/07/14 - 10:24:13.801","caller":"D:/GO/WorkSpace/new/fever_information/server/service/system/sys_user.go:117","message":"角色数据初始化失败","error":"Error 1062: Duplicate entry '2' for key 'PRIMARY'"}
{"level":"\u001b[31merror\u001b[0m","time":"[association]2022/07/14 - 10:24:13.802","caller":"D:/GO/WorkSpace/new/fever_information/server/service/system/sys_district.go:58","message":"分类数据初始化失败","error":"Error 1062: Duplicate entry '2' for key 'PRIMARY'"}
{"level":"\u001b[31merror\u001b[0m","time":"[association]2022/07/14 - 10:24:45.339","caller":"D:/GO/WorkSpace/new/fever_information/server/service/system/sys_hospital.go:59","message":"查询当前医院所有医生","error":"Error 1054: Unknown column 'HospitalId' in 'where clause'"}
{"level":"\u001b[31merror\u001b[0m","time":"[association]2022/07/14 - 10:24:48.719","caller":"D:/GO/WorkSpace/new/fever_information/server/api/system/sys_hospital.go:54","message":"查询失败","error":"Error 1054: Unknown column 'HospitalId' in 'where clause'"}
{"level":"\u001b[31merror\u001b[0m","time":"[association]2022/07/14 - 10:26:22.030","caller":"D:/GO/WorkSpace/new/fever_information/server/service/system/sys_user.go:117","message":"角色数据初始化失败","error":"Error 1062: Duplicate entry '2' for key 'PRIMARY'"}
{"level":"\u001b[31merror\u001b[0m","time":"[association]2022/07/14 - 10:26:22.031","caller":"D:/GO/WorkSpace/new/fever_information/server/service/system/sys_district.go:58","message":"分类数据初始化失败","error":"Error 1062: Duplicate entry '2' for key 'PRIMARY'"}
{"level":"\u001b[31merror\u001b[0m","time":"[association]2022/07/14 - 10:26:29.053","caller":"D:/GO/WorkSpace/new/fever_information/server/service/system/sys_hospital.go:59","message":"查询当前医院所有医生失败","error":"Error 1054: Unknown column 'HospitalId' in 'where clause'"}
{"level":"\u001b[31merror\u001b[0m","time":"[association]2022/07/14 - 10:26:29.053","caller":"D:/GO/WorkSpace/new/fever_information/server/api/system/sys_hospital.go:56","message":"查询失败","error":"Error 1054: Unknown column 'HospitalId' in 'where clause'"}
{"level":"\u001b[31merror\u001b[0m","time":"[association]2022/07/14 - 10:27:08.425","caller":"D:/GO/WorkSpace/new/fever_information/server/service/system/sys_user.go:117","message":"角色数据初始化失败","error":"Error 1062: Duplicate entry '2' for key 'PRIMARY'"}
{"level":"\u001b[31merror\u001b[0m","time":"[association]2022/07/14 - 10:27:08.426","caller":"D:/GO/WorkSpace/new/fever_information/server/service/system/sys_district.go:58","message":"分类数据初始化失败","error":"Error 1062: Duplicate entry '2' for key 'PRIMARY'"}
{"level":"\u001b[31merror\u001b[0m","time":"[association]2022/07/14 - 10:31:38.742","caller":"D:/GO/WorkSpace/new/fever_information/server/service/system/sys_hospital.go:70","message":"删除医院数据失败","error":"invalid value, should be pointer to struct or slice"}
{"level":"\u001b[31merror\u001b[0m","time":"[association]2022/07/14 - 10:31:38.742","caller":"D:/GO/WorkSpace/new/fever_information/server/service/system/sys_hospital.go:79","message":"删除医院事务出现错误，数据回滚","error":"invalid value, should be pointer to struct or slice"}
{"level":"\u001b[31merror\u001b[0m","time":"[association]2022/07/14 - 10:31:38.742","caller":"D:/GO/WorkSpace/new/fever_information/server/api/system/sys_hospital.go:79","message":"删除医院信息失败","error":"invalid value, should be pointer to struct or slice"}
{"level":"\u001b[31merror\u001b[0m","time":"[association]2022/07/14 - 10:54:37.376","caller":"D:/GO/WorkSpace/new/fever_information/server/service/system/sys_hospital.go:70","message":"删除医院数据失败","error":"invalid value, should be pointer to struct or slice"}
{"level":"\u001b[31merror\u001b[0m","time":"[association]2022/07/14 - 10:54:37.376","caller":"D:/GO/WorkSpace/new/fever_information/server/service/system/sys_hospital.go:79","message":"删除医院事务出现错误，数据回滚","error":"invalid value, should be pointer to struct or slice"}
{"level":"\u001b[31merror\u001b[0m","time":"[association]2022/07/14 - 10:54:37.376","caller":"D:/GO/WorkSpace/new/fever_information/server/api/system/sys_hospital.go:79","message":"删除医院信息失败","error":"invalid value, should be pointer to struct or slice"}
{"level":"\u001b[31merror\u001b[0m","time":"[association]2022/07/14 - 10:56:01.674","caller":"D:/GO/WorkSpace/new/fever_information/server/service/system/sys_user.go:117","message":"角色数据初始化失败","error":"Error 1062: Duplicate entry '2' for key 'PRIMARY'"}
{"level":"\u001b[31merror\u001b[0m","time":"[association]2022/07/14 - 10:56:01.675","caller":"D:/GO/WorkSpace/new/fever_information/server/service/system/sys_district.go:58","message":"分类数据初始化失败","error":"Error 1062: Duplicate entry '2' for key 'PRIMARY'"}
{"level":"\u001b[31merror\u001b[0m","time":"[association]2022/07/14 - 10:56:04.036","caller":"D:/GO/WorkSpace/new/fever_information/server/service/system/sys_hospital.go:70","message":"删除医院数据失败","error":"invalid value, should be pointer to struct or slice"}
{"level":"\u001b[31merror\u001b[0m","time":"[association]2022/07/14 - 10:56:04.036","caller":"D:/GO/WorkSpace/new/fever_information/server/service/system/sys_hospital.go:79","message":"删除医院事务出现错误，数据回滚","error":"invalid value, should be pointer to struct or slice"}
{"level":"\u001b[31merror\u001b[0m","time":"[association]2022/07/14 - 10:56:04.036","caller":"D:/GO/WorkSpace/new/fever_information/server/api/system/sys_hospital.go:79","message":"删除医院信息失败","error":"invalid value, should be pointer to struct or slice"}
{"level":"\u001b[31merror\u001b[0m","time":"[association]2022/07/14 - 10:56:34.820","caller":"D:/GO/WorkSpace/new/fever_information/server/service/system/sys_user.go:117","message":"角色数据初始化失败","error":"Error 1062: Duplicate entry '2' for key 'PRIMARY'"}
{"level":"\u001b[31merror\u001b[0m","time":"[association]2022/07/14 - 10:56:34.820","caller":"D:/GO/WorkSpace/new/fever_information/server/service/system/sys_district.go:58","message":"分类数据初始化失败","error":"Error 1062: Duplicate entry '2' for key 'PRIMARY'"}
{"level":"\u001b[31merror\u001b[0m","time":"[association]2022/07/14 - 11:01:42.070","caller":"D:/GO/WorkSpace/new/fever_information/server/service/system/sys_user.go:117","message":"角色数据初始化失败","error":"Error 1062: Duplicate entry '2' for key 'PRIMARY'"}
{"level":"\u001b[31merror\u001b[0m","time":"[association]2022/07/14 - 11:01:42.070","caller":"D:/GO/WorkSpace/new/fever_information/server/service/system/sys_district.go:58","message":"分类数据初始化失败","error":"Error 1062: Duplicate entry '2' for key 'PRIMARY'"}
{"level":"\u001b[31merror\u001b[0m","time":"[association]2022/07/14 - 11:04:52.249","caller":"D:/GO/WorkSpace/new/fever_information/server/service/system/sys_user.go:117","message":"角色数据初始化失败","error":"Error 1062: Duplicate entry '2' for key 'PRIMARY'"}
{"level":"\u001b[31merror\u001b[0m","time":"[association]2022/07/14 - 11:04:52.250","caller":"D:/GO/WorkSpace/new/fever_information/server/service/system/sys_district.go:58","message":"分类数据初始化失败","error":"Error 1062: Duplicate entry '2' for key 'PRIMARY'"}
{"level":"\u001b[31merror\u001b[0m","time":"[association]2022/07/14 - 11:05:24.766","caller":"D:/GO/WorkSpace/new/fever_information/server/service/system/sys_user.go:117","message":"角色数据初始化失败","error":"Error 1062: Duplicate entry '2' for key 'PRIMARY'"}
{"level":"\u001b[31merror\u001b[0m","time":"[association]2022/07/14 - 11:05:24.767","caller":"D:/GO/WorkSpace/new/fever_information/server/service/system/sys_district.go:58","message":"分类数据初始化失败","error":"Error 1062: Duplicate entry '2' for key 'PRIMARY'"}
{"level":"\u001b[31merror\u001b[0m","time":"[association]2022/07/14 - 11:07:03.511","caller":"D:/GO/WorkSpace/new/fever_information/server/service/system/sys_user.go:117","message":"角色数据初始化失败","error":"Error 1062: Duplicate entry '2' for key 'PRIMARY'"}
{"level":"\u001b[31merror\u001b[0m","time":"[association]2022/07/14 - 11:07:03.512","caller":"D:/GO/WorkSpace/new/fever_information/server/service/system/sys_district.go:58","message":"分类数据初始化失败","error":"Error 1062: Duplicate entry '2' for key 'PRIMARY'"}
{"level":"\u001b[31merror\u001b[0m","time":"[association]2022/07/14 - 11:09:39.058","caller":"D:/GO/WorkSpace/new/fever_information/server/service/system/sys_user.go:117","message":"角色数据初始化失败","error":"Error 1062: Duplicate entry '2' for key 'PRIMARY'"}
{"level":"\u001b[31merror\u001b[0m","time":"[association]2022/07/14 - 11:09:39.059","caller":"D:/GO/WorkSpace/new/fever_information/server/service/system/sys_district.go:58","message":"分类数据初始化失败","error":"Error 1062: Duplicate entry '2' for key 'PRIMARY'"}
{"level":"\u001b[31merror\u001b[0m","time":"[association]2022/07/14 - 14:45:35.223","caller":"D:/GO/WorkSpace/new/fever_information/server/service/system/sys_user.go:117","message":"角色数据初始化失败","error":"Error 1062: Duplicate entry '2' for key 'PRIMARY'"}
{"level":"\u001b[31merror\u001b[0m","time":"[association]2022/07/14 - 14:45:35.233","caller":"D:/GO/WorkSpace/new/fever_information/server/service/system/sys_district.go:58","message":"分类数据初始化失败","error":"Error 1062: Duplicate entry '2' for key 'PRIMARY'"}
{"level":"\u001b[31merror\u001b[0m","time":"[association]2022/07/14 - 15:37:04.706","caller":"D:/GO/WorkSpace/new/fever_information/server/service/system/sys_user.go:117","message":"角色数据初始化失败","error":"Error 1062: Duplicate entry '2' for key 'PRIMARY'"}
{"level":"\u001b[31merror\u001b[0m","time":"[association]2022/07/14 - 15:37:04.707","caller":"D:/GO/WorkSpace/new/fever_information/server/service/system/sys_district.go:58","message":"分类数据初始化失败","error":"Error 1062: Duplicate entry '2' for key 'PRIMARY'"}
{"level":"\u001b[31merror\u001b[0m","time":"[association]2022/07/14 - 15:48:33.379","caller":"D:/GO/WorkSpace/new/fever_information/server/service/system/sys_user.go:117","message":"角色数据初始化失败","error":"Error 1062: Duplicate entry '2' for key 'PRIMARY'"}
{"level":"\u001b[31merror\u001b[0m","time":"[association]2022/07/14 - 15:48:33.380","caller":"D:/GO/WorkSpace/new/fever_information/server/service/system/sys_district.go:58","message":"分类数据初始化失败","error":"Error 1062: Duplicate entry '2' for key 'PRIMARY'"}
{"level":"\u001b[31merror\u001b[0m","time":"[association]2022/07/14 - 16:30:10.910","caller":"D:/GO/WorkSpace/new/fever_information/server/initialize/redis.go:22","message":"redis connet ping failed ,err :","error":"NOAUTH Authentication required."}
{"level":"\u001b[31merror\u001b[0m","time":"[association]2022/07/14 - 16:30:11.532","caller":"D:/GO/WorkSpace/new/fever_information/server/service/system/sys_user.go:117","message":"角色数据初始化失败","error":"Error 1062: Duplicate entry '2' for key 'sys_Roles.PRIMARY'"}
{"level":"\u001b[31merror\u001b[0m","time":"[association]2022/07/14 - 16:30:11.876","caller":"D:/GO/WorkSpace/new/fever_information/server/service/system/sys_district.go:58","message":"分类数据初始化失败","error":"Error 1062: Duplicate entry '2' for key 'districts.PRIMARY'"}
{"level":"\u001b[31merror\u001b[0m","time":"[association]2022/07/14 - 20:55:35.591","caller":"D:/GO/WorkSpace/new/fever_information/server/initialize/redis.go:22","message":"redis connet ping failed ,err :","error":"NOAUTH Authentication required."}
{"level":"\u001b[31merror\u001b[0m","time":"[association]2022/07/14 - 20:55:36.132","caller":"D:/GO/WorkSpace/new/fever_information/server/service/system/sys_user.go:117","message":"角色数据初始化失败","error":"Error 1062: Duplicate entry '2' for key 'sys_Roles.PRIMARY'"}
{"level":"\u001b[31merror\u001b[0m","time":"[association]2022/07/14 - 20:55:36.428","caller":"D:/GO/WorkSpace/new/fever_information/server/service/system/sys_district.go:58","message":"分类数据初始化失败","error":"Error 1062: Duplicate entry '2' for key 'districts.PRIMARY'"}
{"level":"\u001b[31merror\u001b[0m","time":"[association]2022/07/14 - 20:57:01.111","caller":"D:/GO/WorkSpace/new/fever_information/server/initialize/redis.go:22","message":"redis connet ping failed ,err :","error":"NOAUTH Authentication required."}
{"level":"\u001b[31merror\u001b[0m","time":"[association]2022/07/14 - 20:57:01.685","caller":"D:/GO/WorkSpace/new/fever_information/server/service/system/sys_user.go:117","message":"角色数据初始化失败","error":"Error 1062: Duplicate entry '2' for key 'sys_Roles.PRIMARY'"}
{"level":"\u001b[31merror\u001b[0m","time":"[association]2022/07/14 - 20:57:02.043","caller":"D:/GO/WorkSpace/new/fever_information/server/service/system/sys_district.go:58","message":"分类数据初始化失败","error":"Error 1062: Duplicate entry '2' for key 'districts.PRIMARY'"}
{"level":"\u001b[31merror\u001b[0m","time":"[association]2022/07/14 - 20:57:57.311","caller":"D:/GO/WorkSpace/new/fever_information/server/initialize/redis.go:22","message":"redis connet ping failed ,err :","error":"NOAUTH Authentication required."}
{"level":"\u001b[31merror\u001b[0m","time":"[association]2022/07/14 - 20:57:57.877","caller":"D:/GO/WorkSpace/new/fever_information/server/service/system/sys_user.go:117","message":"角色数据初始化失败","error":"Error 1062: Duplicate entry '2' for key 'sys_Roles.PRIMARY'"}
{"level":"\u001b[31merror\u001b[0m","time":"[association]2022/07/14 - 20:57:58.176","caller":"D:/GO/WorkSpace/new/fever_information/server/service/system/sys_district.go:58","message":"分类数据初始化失败","error":"Error 1062: Duplicate entry '2' for key 'districts.PRIMARY'"}
{"level":"\u001b[31merror\u001b[0m","time":"[association]2022/07/14 - 21:11:10.363","caller":"D:/GO/WorkSpace/new/fever_information/server/initialize/redis.go:22","message":"redis connet ping failed ,err :","error":"NOAUTH Authentication required."}
{"level":"\u001b[31merror\u001b[0m","time":"[association]2022/07/14 - 21:11:10.949","caller":"D:/GO/WorkSpace/new/fever_information/server/service/system/sys_user.go:117","message":"角色数据初始化失败","error":"Error 1062: Duplicate entry '2' for key 'sys_Roles.PRIMARY'"}
{"level":"\u001b[31merror\u001b[0m","time":"[association]2022/07/14 - 21:11:11.274","caller":"D:/GO/WorkSpace/new/fever_information/server/service/system/sys_district.go:58","message":"分类数据初始化失败","error":"Error 1062: Duplicate entry '2' for key 'districts.PRIMARY'"}
{"level":"\u001b[31merror\u001b[0m","time":"[association]2022/07/14 - 21:19:35.939","caller":"D:/GO/WorkSpace/new/fever_information/server/initialize/redis.go:22","message":"redis connet ping failed ,err :","error":"NOAUTH Authentication required."}
{"level":"\u001b[31merror\u001b[0m","time":"[association]2022/07/14 - 21:19:36.486","caller":"D:/GO/WorkSpace/new/fever_information/server/service/system/sys_user.go:117","message":"角色数据初始化失败","error":"Error 1062: Duplicate entry '2' for key 'sys_Roles.PRIMARY'"}
{"level":"\u001b[31merror\u001b[0m","time":"[association]2022/07/14 - 21:19:36.792","caller":"D:/GO/WorkSpace/new/fever_information/server/service/system/sys_district.go:58","message":"分类数据初始化失败","error":"Error 1062: Duplicate entry '2' for key 'districts.PRIMARY'"}
{"level":"\u001b[31merror\u001b[0m","time":"[association]2022/07/14 - 21:20:56.979","caller":"D:/GO/WorkSpace/new/fever_information/server/initialize/redis.go:22","message":"redis connet ping failed ,err :","error":"NOAUTH Authentication required."}
{"level":"\u001b[31merror\u001b[0m","time":"[association]2022/07/14 - 21:20:57.591","caller":"D:/GO/WorkSpace/new/fever_information/server/service/system/sys_user.go:117","message":"角色数据初始化失败","error":"Error 1062: Duplicate entry '2' for key 'sys_Roles.PRIMARY'"}
{"level":"\u001b[31merror\u001b[0m","time":"[association]2022/07/14 - 21:20:57.916","caller":"D:/GO/WorkSpace/new/fever_information/server/service/system/sys_district.go:58","message":"分类数据初始化失败","error":"Error 1062: Duplicate entry '2' for key 'districts.PRIMARY'"}
{"level":"\u001b[31merror\u001b[0m","time":"[association]2022/07/14 - 21:21:06.058","caller":"D:/GO/WorkSpace/new/fever_information/server/initialize/redis.go:22","message":"redis connet ping failed ,err :","error":"NOAUTH Authentication required."}
{"level":"\u001b[31merror\u001b[0m","time":"[association]2022/07/14 - 21:21:06.642","caller":"D:/GO/WorkSpace/new/fever_information/server/service/system/sys_user.go:117","message":"角色数据初始化失败","error":"Error 1062: Duplicate entry '2' for key 'sys_Roles.PRIMARY'"}
{"level":"\u001b[31merror\u001b[0m","time":"[association]2022/07/14 - 21:21:06.936","caller":"D:/GO/WorkSpace/new/fever_information/server/service/system/sys_district.go:58","message":"分类数据初始化失败","error":"Error 1062: Duplicate entry '2' for key 'districts.PRIMARY'"}
{"level":"\u001b[31merror\u001b[0m","time":"[association]2022/07/14 - 21:27:22.928","caller":"D:/GO/WorkSpace/new/fever_information/server/initialize/redis.go:22","message":"redis connet ping failed ,err :","error":"NOAUTH Authentication required."}
{"level":"\u001b[31merror\u001b[0m","time":"[association]2022/07/14 - 21:27:23.538","caller":"D:/GO/WorkSpace/new/fever_information/server/service/system/sys_user.go:117","message":"角色数据初始化失败","error":"Error 1062: Duplicate entry '2' for key 'sys_Roles.PRIMARY'"}
{"level":"\u001b[31merror\u001b[0m","time":"[association]2022/07/14 - 21:27:23.852","caller":"D:/GO/WorkSpace/new/fever_information/server/service/system/sys_district.go:58","message":"分类数据初始化失败","error":"Error 1062: Duplicate entry '2' for key 'districts.PRIMARY'"}
{"level":"\u001b[31merror\u001b[0m","time":"[association]2022/07/14 - 21:34:11.615","caller":"D:/GO/WorkSpace/new/fever_information/server/initialize/redis.go:22","message":"redis connet ping failed ,err :","error":"NOAUTH Authentication required."}
{"level":"\u001b[31merror\u001b[0m","time":"[association]2022/07/14 - 21:34:12.171","caller":"D:/GO/WorkSpace/new/fever_information/server/service/system/sys_user.go:117","message":"角色数据初始化失败","error":"Error 1062: Duplicate entry '2' for key 'sys_Roles.PRIMARY'"}
{"level":"\u001b[31merror\u001b[0m","time":"[association]2022/07/14 - 21:34:12.479","caller":"D:/GO/WorkSpace/new/fever_information/server/service/system/sys_district.go:58","message":"分类数据初始化失败","error":"Error 1062: Duplicate entry '2' for key 'districts.PRIMARY'"}
{"level":"\u001b[31merror\u001b[0m","time":"[association]2022/07/14 - 21:42:38.531","caller":"D:/GO/WorkSpace/new/fever_information/server/initialize/redis.go:22","message":"redis connet ping failed ,err :","error":"NOAUTH Authentication required."}
{"level":"\u001b[31merror\u001b[0m","time":"[association]2022/07/14 - 21:42:39.079","caller":"D:/GO/WorkSpace/new/fever_information/server/service/system/sys_user.go:117","message":"角色数据初始化失败","error":"Error 1062: Duplicate entry '2' for key 'sys_Roles.PRIMARY'"}
{"level":"\u001b[31merror\u001b[0m","time":"[association]2022/07/14 - 21:42:39.417","caller":"D:/GO/WorkSpace/new/fever_information/server/service/system/sys_district.go:58","message":"分类数据初始化失败","error":"Error 1062: Duplicate entry '2' for key 'districts.PRIMARY'"}
{"level":"\u001b[31merror\u001b[0m","time":"[association]2022/07/14 - 21:44:27.955","caller":"D:/GO/WorkSpace/new/fever_information/server/initialize/redis.go:22","message":"redis connet ping failed ,err :","error":"NOAUTH Authentication required."}
{"level":"\u001b[31merror\u001b[0m","time":"[association]2022/07/14 - 21:44:28.534","caller":"D:/GO/WorkSpace/new/fever_information/server/service/system/sys_user.go:117","message":"角色数据初始化失败","error":"Error 1062: Duplicate entry '2' for key 'sys_Roles.PRIMARY'"}
{"level":"\u001b[31merror\u001b[0m","time":"[association]2022/07/14 - 21:44:28.858","caller":"D:/GO/WorkSpace/new/fever_information/server/service/system/sys_district.go:58","message":"分类数据初始化失败","error":"Error 1062: Duplicate entry '2' for key 'districts.PRIMARY'"}
{"level":"\u001b[31merror\u001b[0m","time":"[association]2022/07/14 - 21:44:50.028","caller":"D:/GO/WorkSpace/new/fever_information/server/initialize/redis.go:22","message":"redis connet ping failed ,err :","error":"NOAUTH Authentication required."}
{"level":"\u001b[31merror\u001b[0m","time":"[association]2022/07/14 - 21:44:50.621","caller":"D:/GO/WorkSpace/new/fever_information/server/service/system/sys_user.go:117","message":"角色数据初始化失败","error":"Error 1062: Duplicate entry '2' for key 'sys_Roles.PRIMARY'"}
{"level":"\u001b[31merror\u001b[0m","time":"[association]2022/07/14 - 21:44:50.949","caller":"D:/GO/WorkSpace/new/fever_information/server/service/system/sys_district.go:58","message":"分类数据初始化失败","error":"Error 1062: Duplicate entry '2' for key 'districts.PRIMARY'"}
{"level":"\u001b[31merror\u001b[0m","time":"[association]2022/07/14 - 21:45:05.726","caller":"D:/GO/WorkSpace/new/fever_information/server/initialize/redis.go:22","message":"redis connet ping failed ,err :","error":"NOAUTH Authentication required."}
{"level":"\u001b[31merror\u001b[0m","time":"[association]2022/07/14 - 21:45:06.294","caller":"D:/GO/WorkSpace/new/fever_information/server/service/system/sys_user.go:117","message":"角色数据初始化失败","error":"Error 1062: Duplicate entry '2' for key 'sys_Roles.PRIMARY'"}
{"level":"\u001b[31merror\u001b[0m","time":"[association]2022/07/14 - 21:45:06.621","caller":"D:/GO/WorkSpace/new/fever_information/server/service/system/sys_district.go:58","message":"分类数据初始化失败","error":"Error 1062: Duplicate entry '2' for key 'districts.PRIMARY'"}
{"level":"\u001b[31merror\u001b[0m","time":"[association]2022/07/14 - 21:47:09.759","caller":"D:/GO/WorkSpace/new/fever_information/server/initialize/redis.go:22","message":"redis connet ping failed ,err :","error":"NOAUTH Authentication required."}
{"level":"\u001b[31merror\u001b[0m","time":"[association]2022/07/14 - 21:47:10.362","caller":"D:/GO/WorkSpace/new/fever_information/server/service/system/sys_user.go:117","message":"角色数据初始化失败","error":"Error 1062: Duplicate entry '2' for key 'sys_Roles.PRIMARY'"}
{"level":"\u001b[31merror\u001b[0m","time":"[association]2022/07/14 - 21:47:10.684","caller":"D:/GO/WorkSpace/new/fever_information/server/service/system/sys_district.go:58","message":"分类数据初始化失败","error":"Error 1062: Duplicate entry '2' for key 'districts.PRIMARY'"}
{"level":"\u001b[31merror\u001b[0m","time":"[association]2022/07/14 - 21:49:27.730","caller":"D:/GO/WorkSpace/new/fever_information/server/initialize/redis.go:22","message":"redis connet ping failed ,err :","error":"NOAUTH Authentication required."}
{"level":"\u001b[31merror\u001b[0m","time":"[association]2022/07/14 - 21:49:28.364","caller":"D:/GO/WorkSpace/new/fever_information/server/service/system/sys_user.go:117","message":"角色数据初始化失败","error":"Error 1062: Duplicate entry '2' for key 'sys_Roles.PRIMARY'"}
{"level":"\u001b[31merror\u001b[0m","time":"[association]2022/07/14 - 21:49:28.703","caller":"D:/GO/WorkSpace/new/fever_information/server/service/system/sys_district.go:58","message":"分类数据初始化失败","error":"Error 1062: Duplicate entry '2' for key 'districts.PRIMARY'"}
{"level":"\u001b[31merror\u001b[0m","time":"[association]2022/07/14 - 21:51:25.473","caller":"D:/GO/WorkSpace/new/fever_information/server/initialize/redis.go:22","message":"redis connet ping failed ,err :","error":"NOAUTH Authentication required."}
{"level":"\u001b[31merror\u001b[0m","time":"[association]2022/07/14 - 21:51:26.037","caller":"D:/GO/WorkSpace/new/fever_information/server/service/system/sys_user.go:117","message":"角色数据初始化失败","error":"Error 1062: Duplicate entry '2' for key 'sys_Roles.PRIMARY'"}
{"level":"\u001b[31merror\u001b[0m","time":"[association]2022/07/14 - 21:51:26.398","caller":"D:/GO/WorkSpace/new/fever_information/server/service/system/sys_district.go:58","message":"分类数据初始化失败","error":"Error 1062: Duplicate entry '2' for key 'districts.PRIMARY'"}
{"level":"\u001b[31merror\u001b[0m","time":"[association]2022/07/14 - 22:04:44.417","caller":"D:/GO/WorkSpace/new/fever_information/server/service/system/sys_user.go:117","message":"角色数据初始化失败","error":"Error 1062: Duplicate entry '2' for key 'sys_Roles.PRIMARY'"}
{"level":"\u001b[31merror\u001b[0m","time":"[association]2022/07/14 - 22:04:44.725","caller":"D:/GO/WorkSpace/new/fever_information/server/service/system/sys_district.go:58","message":"分类数据初始化失败","error":"Error 1062: Duplicate entry '2' for key 'districts.PRIMARY'"}
{"level":"\u001b[31merror\u001b[0m","time":"[association]2022/07/14 - 22:05:13.141","caller":"D:/GO/WorkSpace/new/fever_information/server/api/system/sys_user.go:112","message":"设置登录状态失败！","error":"WRONGTYPE Operation against a key holding the wrong kind of value"}
{"level":"\u001b[31merror\u001b[0m","time":"[association]2022/07/14 - 22:06:14.125","caller":"D:/GO/WorkSpace/new/fever_information/server/service/system/sys_user.go:117","message":"角色数据初始化失败","error":"Error 1062: Duplicate entry '2' for key 'sys_Roles.PRIMARY'"}
{"level":"\u001b[31merror\u001b[0m","time":"[association]2022/07/14 - 22:06:14.446","caller":"D:/GO/WorkSpace/new/fever_information/server/service/system/sys_district.go:58","message":"分类数据初始化失败","error":"Error 1062: Duplicate entry '2' for key 'districts.PRIMARY'"}
{"level":"\u001b[31merror\u001b[0m","time":"[association]2022/07/14 - 22:09:06.077","caller":"D:/GO/WorkSpace/new/fever_information/server/api/system/sys_user.go:112","message":"设置登录状态失败！","error":"WRONGTYPE Operation against a key holding the wrong kind of value"}
{"level":"\u001b[31merror\u001b[0m","time":"[association]2022/07/14 - 22:12:51.548","caller":"D:/GO/WorkSpace/new/fever_information/server/utils/clamis.go:24","message":"从Gin的Context中获取从jwt解析信息失败, 请检查请求头是否存在x-token且claims是否为规定结构"}
{"level":"\u001b[31merror\u001b[0m","time":"[association]2022/07/14 - 22:12:51.621","caller":"D:/GO/WorkSpace/new/fever_information/server/service/system/sys_fever_info.go:26","message":"修改发热记录数据失败","error":"WHERE conditions required"}
{"level":"\u001b[31merror\u001b[0m","time":"[association]2022/07/14 - 22:14:56.707","caller":"D:/GO/WorkSpace/new/fever_information/server/service/system/sys_user.go:117","message":"角色数据初始化失败","error":"Error 1062: Duplicate entry '2' for key 'sys_Roles.PRIMARY'"}
{"level":"\u001b[31merror\u001b[0m","time":"[association]2022/07/14 - 22:14:57.030","caller":"D:/GO/WorkSpace/new/fever_information/server/service/system/sys_district.go:58","message":"分类数据初始化失败","error":"Error 1062: Duplicate entry '2' for key 'districts.PRIMARY'"}
{"level":"\u001b[31merror\u001b[0m","time":"[association]2022/07/14 - 22:15:36.618","caller":"D:/GO/WorkSpace/new/fever_information/server/utils/clamis.go:24","message":"从Gin的Context中获取从jwt解析信息失败, 请检查请求头是否存在x-token且claims是否为规定结构"}
{"level":"\u001b[31merror\u001b[0m","time":"[association]2022/07/14 - 22:18:49.448","caller":"D:/GO/WorkSpace/new/fever_information/server/service/system/sys_user.go:117","message":"角色数据初始化失败","error":"Error 1062: Duplicate entry '2' for key 'sys_Roles.PRIMARY'"}
{"level":"\u001b[31merror\u001b[0m","time":"[association]2022/07/14 - 22:18:49.760","caller":"D:/GO/WorkSpace/new/fever_information/server/service/system/sys_district.go:58","message":"分类数据初始化失败","error":"Error 1062: Duplicate entry '2' for key 'districts.PRIMARY'"}
{"level":"\u001b[31merror\u001b[0m","time":"[association]2022/07/14 - 22:19:00.638","caller":"D:/GO/WorkSpace/new/fever_information/server/service/system/sys_user.go:117","message":"角色数据初始化失败","error":"Error 1062: Duplicate entry '2' for key 'sys_Roles.PRIMARY'"}
{"level":"\u001b[31merror\u001b[0m","time":"[association]2022/07/14 - 22:19:00.944","caller":"D:/GO/WorkSpace/new/fever_information/server/service/system/sys_district.go:58","message":"分类数据初始化失败","error":"Error 1062: Duplicate entry '2' for key 'districts.PRIMARY'"}
{"level":"\u001b[31merror\u001b[0m","time":"[association]2022/07/14 - 22:20:42.941","caller":"D:/GO/WorkSpace/new/fever_information/server/utils/clamis.go:24","message":"从Gin的Context中获取从jwt解析信息失败, 请检查请求头是否存在x-token且claims是否为规定结构"}
{"level":"\u001b[31merror\u001b[0m","time":"[association]2022/07/14 - 22:27:31.044","caller":"D:/GO/WorkSpace/new/fever_information/server/utils/clamis.go:24","message":"从Gin的Context中获取从jwt解析信息失败, 请检查请求头是否存在x-token且claims是否为规定结构"}
