{"level":"\u001b[31merror\u001b[0m","time":"[association]2022/07/20 - 08:42:16.355","caller":"D:/GO/WorkSpace/new/fever_information/server/service/system/sys_user.go:117","message":"角色数据初始化失败","error":"Error 1062: Duplicate entry '2' for key 'sys_Roles.PRIMARY'"}
{"level":"\u001b[31merror\u001b[0m","time":"[association]2022/07/20 - 08:42:16.533","caller":"D:/GO/WorkSpace/new/fever_information/server/service/system/sys_district.go:58","message":"分类数据初始化失败","error":"Error 1062: Duplicate entry '2' for key 'districts.PRIMARY'"}
{"level":"\u001b[31merror\u001b[0m","time":"[association]2022/07/20 - 08:42:25.821","caller":"D:/GO/WorkSpace/new/fever_information/server/service/example/sys_email.go:37","message":"解析模板失败！","error":"template: email-template.html:57:76: executing \"email-template.html\" at <.Total>: can't evaluate field Total in type dto.Docker"}
{"level":"\u001b[31merror\u001b[0m","time":"[association]2022/07/20 - 08:42:25.822","caller":"D:/GO/WorkSpace/new/fever_information/server/initialize/timer.go:52","message":"发送邮件失败","error":"template: email-template.html:57:76: executing \"email-template.html\" at <.Total>: can't evaluate field Total in type dto.Docker"}
{"level":"\u001b[31merror\u001b[0m","time":"[association]2022/07/20 - 08:42:35.829","caller":"D:/GO/WorkSpace/new/fever_information/server/service/example/sys_email.go:37","message":"解析模板失败！","error":"template: email-template.html:57:76: executing \"email-template.html\" at <.Total>: can't evaluate field Total in type dto.Docker"}
{"level":"\u001b[31merror\u001b[0m","time":"[association]2022/07/20 - 08:42:35.829","caller":"D:/GO/WorkSpace/new/fever_information/server/initialize/timer.go:52","message":"发送邮件失败","error":"template: email-template.html:57:76: executing \"email-template.html\" at <.Total>: can't evaluate field Total in type dto.Docker"}
{"level":"\u001b[31merror\u001b[0m","time":"[association]2022/07/20 - 08:42:45.812","caller":"D:/GO/WorkSpace/new/fever_information/server/service/example/sys_email.go:37","message":"解析模板失败！","error":"template: email-template.html:57:76: executing \"email-template.html\" at <.Total>: can't evaluate field Total in type dto.Docker"}
{"level":"\u001b[31merror\u001b[0m","time":"[association]2022/07/20 - 08:42:45.812","caller":"D:/GO/WorkSpace/new/fever_information/server/initialize/timer.go:52","message":"发送邮件失败","error":"template: email-template.html:57:76: executing \"email-template.html\" at <.Total>: can't evaluate field Total in type dto.Docker"}
{"level":"\u001b[31merror\u001b[0m","time":"[association]2022/07/20 - 08:47:26.829","caller":"D:/GO/WorkSpace/new/fever_information/server/service/system/sys_user.go:118","message":"角色数据初始化失败","error":"Error 1062: Duplicate entry '2' for key 'sys_Roles.PRIMARY'"}
{"level":"\u001b[31merror\u001b[0m","time":"[association]2022/07/20 - 08:47:27.020","caller":"D:/GO/WorkSpace/new/fever_information/server/service/system/sys_district.go:59","message":"分类数据初始化失败","error":"Error 1062: Duplicate entry '2' for key 'districts.PRIMARY'"}
{"level":"\u001b[31merror\u001b[0m","time":"[association]2022/07/20 - 09:55:40.056","caller":"D:/GO/WorkSpace/new/fever_information/server/service/system/sys_user.go:118","message":"角色数据初始化失败","error":"Error 1062: Duplicate entry '2' for key 'sys_Roles.PRIMARY'"}
{"level":"\u001b[31merror\u001b[0m","time":"[association]2022/07/20 - 09:55:40.230","caller":"D:/GO/WorkSpace/new/fever_information/server/service/system/sys_district.go:59","message":"分类数据初始化失败","error":"Error 1062: Duplicate entry '2' for key 'districts.PRIMARY'"}
{"level":"\u001b[31merror\u001b[0m","time":"[association]2022/07/20 - 09:58:04.472","caller":"D:/GO/WorkSpace/new/fever_information/server/service/system/sys_user.go:118","message":"角色数据初始化失败","error":"Error 1062: Duplicate entry '2' for key 'sys_Roles.PRIMARY'"}
{"level":"\u001b[31merror\u001b[0m","time":"[association]2022/07/20 - 09:58:04.641","caller":"D:/GO/WorkSpace/new/fever_information/server/service/system/sys_district.go:59","message":"分类数据初始化失败","error":"Error 1062: Duplicate entry '2' for key 'districts.PRIMARY'"}
{"level":"\u001b[31merror\u001b[0m","time":"[association]2022/07/20 - 10:01:01.867","caller":"D:/GO/WorkSpace/new/fever_information/server/service/system/sys_user.go:118","message":"角色数据初始化失败","error":"Error 1062: Duplicate entry '2' for key 'sys_Roles.PRIMARY'"}
{"level":"\u001b[31merror\u001b[0m","time":"[association]2022/07/20 - 10:01:02.060","caller":"D:/GO/WorkSpace/new/fever_information/server/service/system/sys_district.go:59","message":"分类数据初始化失败","error":"Error 1062: Duplicate entry '2' for key 'districts.PRIMARY'"}
{"level":"\u001b[31merror\u001b[0m","time":"[association]2022/07/20 - 10:05:14.156","caller":"D:/GO/WorkSpace/new/fever_information/server/service/system/sys_user.go:118","message":"角色数据初始化失败","error":"Error 1062: Duplicate entry '2' for key 'sys_Roles.PRIMARY'"}
{"level":"\u001b[31merror\u001b[0m","time":"[association]2022/07/20 - 10:05:14.361","caller":"D:/GO/WorkSpace/new/fever_information/server/service/system/sys_district.go:59","message":"分类数据初始化失败","error":"Error 1062: Duplicate entry '2' for key 'districts.PRIMARY'"}
{"level":"\u001b[31merror\u001b[0m","time":"[association]2022/07/20 - 10:35:00.396","caller":"D:/GO/WorkSpace/new/fever_information/server/service/system/sys_user.go:118","message":"角色数据初始化失败","error":"Error 1062: Duplicate entry '2' for key 'sys_Roles.PRIMARY'"}
{"level":"\u001b[31merror\u001b[0m","time":"[association]2022/07/20 - 10:35:00.570","caller":"D:/GO/WorkSpace/new/fever_information/server/service/system/sys_district.go:59","message":"分类数据初始化失败","error":"Error 1062: Duplicate entry '2' for key 'districts.PRIMARY'"}
{"level":"\u001b[31merror\u001b[0m","time":"[association]2022/07/20 - 11:10:20.977","caller":"D:/GO/WorkSpace/new/fever_information/server/service/system/sys_user.go:118","message":"角色数据初始化失败","error":"Error 1062: Duplicate entry '2' for key 'sys_Roles.PRIMARY'"}
{"level":"\u001b[31merror\u001b[0m","time":"[association]2022/07/20 - 11:10:21.161","caller":"D:/GO/WorkSpace/new/fever_information/server/service/system/sys_district.go:59","message":"分类数据初始化失败","error":"Error 1062: Duplicate entry '2' for key 'districts.PRIMARY'"}
{"level":"\u001b[31merror\u001b[0m","time":"[association]2022/07/20 - 11:31:35.622","caller":"D:/GO/WorkSpace/new/fever_information/server/service/system/sys_user.go:118","message":"角色数据初始化失败","error":"Error 1062: Duplicate entry '2' for key 'sys_Roles.PRIMARY'"}
{"level":"\u001b[31merror\u001b[0m","time":"[association]2022/07/20 - 11:31:35.797","caller":"D:/GO/WorkSpace/new/fever_information/server/service/system/sys_district.go:59","message":"分类数据初始化失败","error":"Error 1062: Duplicate entry '2' for key 'districts.PRIMARY'"}
{"level":"\u001b[31merror\u001b[0m","time":"[association]2022/07/20 - 11:33:39.755","caller":"D:/GO/WorkSpace/new/fever_information/server/service/system/sys_hospital.go:70","message":"查询当前医院所有医生失败","error":"Error 1146: Table 'db_fever_information.sys_hospitals' doesn't exist"}
{"level":"\u001b[31merror\u001b[0m","time":"[association]2022/07/20 - 11:33:39.756","caller":"D:/GO/WorkSpace/new/fever_information/server/api/system/sys_hospital.go:104","message":"查询失败","error":"Error 1146: Table 'db_fever_information.sys_hospitals' doesn't exist"}
{"level":"\u001b[31merror\u001b[0m","time":"[association]2022/07/20 - 11:34:42.014","caller":"D:/GO/WorkSpace/new/fever_information/server/service/system/sys_user.go:118","message":"角色数据初始化失败","error":"Error 1062: Duplicate entry '2' for key 'sys_Roles.PRIMARY'"}
{"level":"\u001b[31merror\u001b[0m","time":"[association]2022/07/20 - 11:34:42.194","caller":"D:/GO/WorkSpace/new/fever_information/server/service/system/sys_district.go:59","message":"分类数据初始化失败","error":"Error 1062: Duplicate entry '2' for key 'districts.PRIMARY'"}
{"level":"\u001b[31merror\u001b[0m","time":"[association]2022/07/20 - 11:35:46.954","caller":"D:/GO/WorkSpace/new/fever_information/server/service/system/sys_user.go:118","message":"角色数据初始化失败","error":"Error 1062: Duplicate entry '2' for key 'sys_Roles.PRIMARY'"}
{"level":"\u001b[31merror\u001b[0m","time":"[association]2022/07/20 - 11:35:47.136","caller":"D:/GO/WorkSpace/new/fever_information/server/service/system/sys_district.go:59","message":"分类数据初始化失败","error":"Error 1062: Duplicate entry '2' for key 'districts.PRIMARY'"}
{"level":"\u001b[31merror\u001b[0m","time":"[association]2022/07/20 - 11:36:57.362","caller":"D:/GO/WorkSpace/new/fever_information/server/service/system/sys_user.go:118","message":"角色数据初始化失败","error":"Error 1062: Duplicate entry '2' for key 'sys_Roles.PRIMARY'"}
{"level":"\u001b[31merror\u001b[0m","time":"[association]2022/07/20 - 11:36:57.550","caller":"D:/GO/WorkSpace/new/fever_information/server/service/system/sys_district.go:59","message":"分类数据初始化失败","error":"Error 1062: Duplicate entry '2' for key 'districts.PRIMARY'"}
{"level":"\u001b[31merror\u001b[0m","time":"[association]2022/07/20 - 11:36:59.803","caller":"D:/GO/WorkSpace/new/fever_information/server/service/system/sys_hospital.go:70","message":"查询当前医院所有医生失败","error":"HospitalName: unsupported relations for schema SysUser"}
{"level":"\u001b[31merror\u001b[0m","time":"[association]2022/07/20 - 11:36:59.803","caller":"D:/GO/WorkSpace/new/fever_information/server/api/system/sys_hospital.go:104","message":"查询失败","error":"HospitalName: unsupported relations for schema SysUser"}
{"level":"\u001b[31merror\u001b[0m","time":"[association]2022/07/20 - 11:37:23.378","caller":"D:/GO/WorkSpace/new/fever_information/server/service/system/sys_user.go:118","message":"角色数据初始化失败","error":"Error 1062: Duplicate entry '2' for key 'sys_Roles.PRIMARY'"}
{"level":"\u001b[31merror\u001b[0m","time":"[association]2022/07/20 - 11:37:23.572","caller":"D:/GO/WorkSpace/new/fever_information/server/service/system/sys_district.go:59","message":"分类数据初始化失败","error":"Error 1062: Duplicate entry '2' for key 'districts.PRIMARY'"}
{"level":"\u001b[31merror\u001b[0m","time":"[association]2022/07/20 - 11:40:17.008","caller":"D:/GO/WorkSpace/new/fever_information/server/service/system/sys_user.go:118","message":"角色数据初始化失败","error":"Error 1062: Duplicate entry '2' for key 'sys_Roles.PRIMARY'"}
{"level":"\u001b[31merror\u001b[0m","time":"[association]2022/07/20 - 11:40:17.201","caller":"D:/GO/WorkSpace/new/fever_information/server/service/system/sys_district.go:59","message":"分类数据初始化失败","error":"Error 1062: Duplicate entry '2' for key 'districts.PRIMARY'"}
{"level":"\u001b[31merror\u001b[0m","time":"[association]2022/07/20 - 11:40:19.299","caller":"D:/GO/WorkSpace/new/fever_information/server/service/system/sys_hospital.go:71","message":"查询当前医院所有医生失败","error":"Error 1054: Unknown column 'sys_users.hospital_id' in 'on clause'"}
{"level":"\u001b[31merror\u001b[0m","time":"[association]2022/07/20 - 11:40:19.300","caller":"D:/GO/WorkSpace/new/fever_information/server/api/system/sys_hospital.go:104","message":"查询失败","error":"Error 1054: Unknown column 'sys_users.hospital_id' in 'on clause'"}
{"level":"\u001b[31merror\u001b[0m","time":"[association]2022/07/20 - 11:42:53.958","caller":"D:/GO/WorkSpace/new/fever_information/server/service/system/sys_user.go:118","message":"角色数据初始化失败","error":"Error 1062: Duplicate entry '2' for key 'sys_Roles.PRIMARY'"}
{"level":"\u001b[31merror\u001b[0m","time":"[association]2022/07/20 - 11:42:54.141","caller":"D:/GO/WorkSpace/new/fever_information/server/service/system/sys_district.go:59","message":"分类数据初始化失败","error":"Error 1062: Duplicate entry '2' for key 'districts.PRIMARY'"}
{"level":"\u001b[31merror\u001b[0m","time":"[association]2022/07/20 - 11:42:57.524","caller":"D:/GO/WorkSpace/new/fever_information/server/service/system/sys_hospital.go:71","message":"查询当前医院所有医生失败","error":"Error 1054: Unknown column 'sys_users.hospital_id' in 'on clause'"}
{"level":"\u001b[31merror\u001b[0m","time":"[association]2022/07/20 - 11:42:57.525","caller":"D:/GO/WorkSpace/new/fever_information/server/api/system/sys_hospital.go:104","message":"查询失败","error":"Error 1054: Unknown column 'sys_users.hospital_id' in 'on clause'"}
{"level":"\u001b[31merror\u001b[0m","time":"[association]2022/07/20 - 11:45:23.769","caller":"D:/GO/WorkSpace/new/fever_information/server/service/system/sys_user.go:118","message":"角色数据初始化失败","error":"Error 1062: Duplicate entry '2' for key 'sys_Roles.PRIMARY'"}
{"level":"\u001b[31merror\u001b[0m","time":"[association]2022/07/20 - 11:45:23.952","caller":"D:/GO/WorkSpace/new/fever_information/server/service/system/sys_district.go:59","message":"分类数据初始化失败","error":"Error 1062: Duplicate entry '2' for key 'districts.PRIMARY'"}
{"level":"\u001b[31merror\u001b[0m","time":"[association]2022/07/20 - 11:45:24.761","caller":"D:/GO/WorkSpace/new/fever_information/server/service/system/sys_hospital.go:71","message":"查询当前医院所有医生失败","error":"Error 1241: Operand should contain 1 column(s)"}
{"level":"\u001b[31merror\u001b[0m","time":"[association]2022/07/20 - 11:45:24.761","caller":"D:/GO/WorkSpace/new/fever_information/server/api/system/sys_hospital.go:104","message":"查询失败","error":"Error 1241: Operand should contain 1 column(s)"}
{"level":"\u001b[31merror\u001b[0m","time":"[association]2022/07/20 - 11:45:25.818","caller":"D:/GO/WorkSpace/new/fever_information/server/service/system/sys_hospital.go:71","message":"查询当前医院所有医生失败","error":"Error 1241: Operand should contain 1 column(s)"}
{"level":"\u001b[31merror\u001b[0m","time":"[association]2022/07/20 - 11:45:25.818","caller":"D:/GO/WorkSpace/new/fever_information/server/api/system/sys_hospital.go:104","message":"查询失败","error":"Error 1241: Operand should contain 1 column(s)"}
{"level":"\u001b[31merror\u001b[0m","time":"[association]2022/07/20 - 11:45:26.781","caller":"D:/GO/WorkSpace/new/fever_information/server/service/system/sys_hospital.go:71","message":"查询当前医院所有医生失败","error":"Error 1241: Operand should contain 1 column(s)"}
{"level":"\u001b[31merror\u001b[0m","time":"[association]2022/07/20 - 11:45:26.781","caller":"D:/GO/WorkSpace/new/fever_information/server/api/system/sys_hospital.go:104","message":"查询失败","error":"Error 1241: Operand should contain 1 column(s)"}
{"level":"\u001b[31merror\u001b[0m","time":"[association]2022/07/20 - 11:47:38.208","caller":"D:/GO/WorkSpace/new/fever_information/server/service/system/sys_user.go:118","message":"角色数据初始化失败","error":"Error 1062: Duplicate entry '2' for key 'sys_Roles.PRIMARY'"}
{"level":"\u001b[31merror\u001b[0m","time":"[association]2022/07/20 - 11:47:38.425","caller":"D:/GO/WorkSpace/new/fever_information/server/service/system/sys_district.go:59","message":"分类数据初始化失败","error":"Error 1062: Duplicate entry '2' for key 'districts.PRIMARY'"}
{"level":"\u001b[31merror\u001b[0m","time":"[association]2022/07/20 - 14:01:40.916","caller":"D:/GO/WorkSpace/new/fever_information/server/service/system/sys_user.go:118","message":"角色数据初始化失败","error":"Error 1062: Duplicate entry '2' for key 'sys_Roles.PRIMARY'"}
{"level":"\u001b[31merror\u001b[0m","time":"[association]2022/07/20 - 14:01:41.108","caller":"D:/GO/WorkSpace/new/fever_information/server/service/system/sys_district.go:59","message":"分类数据初始化失败","error":"Error 1062: Duplicate entry '2' for key 'districts.PRIMARY'"}
{"level":"\u001b[31merror\u001b[0m","time":"[association]2022/07/20 - 14:07:22.575","caller":"D:/GO/WorkSpace/new/fever_information/server/service/system/sys_user.go:118","message":"角色数据初始化失败","error":"Error 1062: Duplicate entry '2' for key 'sys_Roles.PRIMARY'"}
{"level":"\u001b[31merror\u001b[0m","time":"[association]2022/07/20 - 14:07:22.771","caller":"D:/GO/WorkSpace/new/fever_information/server/service/system/sys_district.go:59","message":"分类数据初始化失败","error":"Error 1062: Duplicate entry '2' for key 'districts.PRIMARY'"}
{"level":"\u001b[31merror\u001b[0m","time":"[association]2022/07/20 - 14:33:08.282","caller":"D:/GO/WorkSpace/new/fever_information/server/service/system/jwt_black_list.go:110","message":"加载数据库jwt黑名单失败！","error":"invalid connection"}
{"level":"\u001b[31merror\u001b[0m","time":"[association]2022/07/20 - 14:34:17.369","caller":"D:/GO/WorkSpace/new/fever_information/server/service/system/sys_user.go:118","message":"角色数据初始化失败","error":"Error 1062: Duplicate entry '2' for key 'sys_Roles.PRIMARY'"}
{"level":"\u001b[31merror\u001b[0m","time":"[association]2022/07/20 - 14:34:17.641","caller":"D:/GO/WorkSpace/new/fever_information/server/service/system/sys_district.go:59","message":"分类数据初始化失败","error":"Error 1062: Duplicate entry '2' for key 'districts.PRIMARY'"}
{"level":"\u001b[31merror\u001b[0m","time":"[association]2022/07/20 - 14:38:41.403","caller":"D:/GO/WorkSpace/new/fever_information/server/service/system/sys_user.go:118","message":"角色数据初始化失败","error":"Error 1062: Duplicate entry '2' for key 'sys_Roles.PRIMARY'"}
{"level":"\u001b[31merror\u001b[0m","time":"[association]2022/07/20 - 14:38:41.675","caller":"D:/GO/WorkSpace/new/fever_information/server/service/system/sys_district.go:59","message":"分类数据初始化失败","error":"Error 1062: Duplicate entry '2' for key 'districts.PRIMARY'"}
{"level":"\u001b[31merror\u001b[0m","time":"[association]2022/07/20 - 14:41:41.895","caller":"D:/GO/WorkSpace/new/fever_information/server/service/system/sys_user.go:118","message":"角色数据初始化失败","error":"Error 1062: Duplicate entry '2' for key 'sys_Roles.PRIMARY'"}
{"level":"\u001b[31merror\u001b[0m","time":"[association]2022/07/20 - 14:41:42.203","caller":"D:/GO/WorkSpace/new/fever_information/server/service/system/sys_district.go:59","message":"分类数据初始化失败","error":"Error 1062: Duplicate entry '2' for key 'districts.PRIMARY'"}
{"level":"\u001b[31merror\u001b[0m","time":"[association]2022/07/20 - 15:13:01.212","caller":"D:/GO/WorkSpace/new/fever_information/server/service/system/sys_hospital.go:160","message":"修改医院信息失败","error":"WHERE conditions required"}
{"level":"\u001b[31merror\u001b[0m","time":"[association]2022/07/20 - 15:13:01.251","caller":"D:/GO/WorkSpace/new/fever_information/server/service/system/sys_hospital.go:171","message":"修改医院事务出现错误，数据回滚","error":"WHERE conditions required"}
{"level":"\u001b[31merror\u001b[0m","time":"[association]2022/07/20 - 15:13:01.251","caller":"D:/GO/WorkSpace/new/fever_information/server/api/system/sys_hospital.go:187","message":"添加医院信息失败","error":"WHERE conditions required"}
{"level":"\u001b[31merror\u001b[0m","time":"[association]2022/07/20 - 15:13:31.673","caller":"D:/GO/WorkSpace/new/fever_information/server/service/system/sys_hospital.go:160","message":"修改医院信息失败","error":"WHERE conditions required"}
{"level":"\u001b[31merror\u001b[0m","time":"[association]2022/07/20 - 15:13:31.712","caller":"D:/GO/WorkSpace/new/fever_information/server/service/system/sys_hospital.go:171","message":"修改医院事务出现错误，数据回滚","error":"WHERE conditions required"}
{"level":"\u001b[31merror\u001b[0m","time":"[association]2022/07/20 - 15:13:31.713","caller":"D:/GO/WorkSpace/new/fever_information/server/api/system/sys_hospital.go:187","message":"添加医院信息失败","error":"WHERE conditions required"}
{"level":"\u001b[31merror\u001b[0m","time":"[association]2022/07/20 - 15:33:37.766","caller":"D:/GO/WorkSpace/new/fever_information/server/service/system/sys_user.go:118","message":"角色数据初始化失败","error":"Error 1062: Duplicate entry '2' for key 'sys_Roles.PRIMARY'"}
{"level":"\u001b[31merror\u001b[0m","time":"[association]2022/07/20 - 15:33:38.106","caller":"D:/GO/WorkSpace/new/fever_information/server/service/system/sys_district.go:59","message":"分类数据初始化失败","error":"Error 1062: Duplicate entry '2' for key 'districts.PRIMARY'"}
{"level":"\u001b[31merror\u001b[0m","time":"[association]2022/07/20 - 15:33:58.116","caller":"D:/GO/WorkSpace/new/fever_information/server/service/system/sys_hospital.go:242","message":"链表查询医院信息VO数据失败","error":"Error 1051: Unknown table 'hospitals'"}
{"level":"\u001b[31merror\u001b[0m","time":"[association]2022/07/20 - 15:33:58.117","caller":"D:/GO/WorkSpace/new/fever_information/server/api/system/sys_hospital.go:305","message":"查询失败","error":"Error 1051: Unknown table 'hospitals'"}
{"level":"\u001b[31merror\u001b[0m","time":"[association]2022/07/20 - 15:38:27.291","caller":"D:/GO/WorkSpace/new/fever_information/server/service/system/sys_user.go:118","message":"角色数据初始化失败","error":"Error 1062: Duplicate entry '2' for key 'sys_Roles.PRIMARY'"}
{"level":"\u001b[31merror\u001b[0m","time":"[association]2022/07/20 - 15:38:27.665","caller":"D:/GO/WorkSpace/new/fever_information/server/service/system/sys_district.go:59","message":"分类数据初始化失败","error":"Error 1062: Duplicate entry '2' for key 'districts.PRIMARY'"}
{"level":"\u001b[31merror\u001b[0m","time":"[association]2022/07/20 - 15:39:06.404","caller":"D:/GO/WorkSpace/new/fever_information/server/service/system/sys_hospital.go:146","message":"修改医院信息失败","error":"WHERE conditions required"}
{"level":"\u001b[31merror\u001b[0m","time":"[association]2022/07/20 - 15:39:06.445","caller":"D:/GO/WorkSpace/new/fever_information/server/service/system/sys_hospital.go:157","message":"修改医院事务出现错误，数据回滚","error":"WHERE conditions required"}
{"level":"\u001b[31merror\u001b[0m","time":"[association]2022/07/20 - 15:39:06.445","caller":"D:/GO/WorkSpace/new/fever_information/server/api/system/sys_hospital.go:187","message":"添加医院信息失败","error":"WHERE conditions required"}
{"level":"\u001b[31merror\u001b[0m","time":"[association]2022/07/20 - 15:39:26.561","caller":"D:/GO/WorkSpace/new/fever_information/server/service/system/sys_user.go:118","message":"角色数据初始化失败","error":"Error 1062: Duplicate entry '2' for key 'sys_Roles.PRIMARY'"}
{"level":"\u001b[31merror\u001b[0m","time":"[association]2022/07/20 - 15:39:26.916","caller":"D:/GO/WorkSpace/new/fever_information/server/service/system/sys_district.go:59","message":"分类数据初始化失败","error":"Error 1062: Duplicate entry '2' for key 'districts.PRIMARY'"}
{"level":"\u001b[31merror\u001b[0m","time":"[association]2022/07/20 - 15:39:57.736","caller":"D:/GO/WorkSpace/new/fever_information/server/service/system/sys_hospital.go:146","message":"修改医院信息失败","error":"WHERE conditions required"}
{"level":"\u001b[31merror\u001b[0m","time":"[association]2022/07/20 - 15:39:59.041","caller":"D:/GO/WorkSpace/new/fever_information/server/service/system/sys_hospital.go:157","message":"修改医院事务出现错误，数据回滚","error":"WHERE conditions required"}
{"level":"\u001b[31merror\u001b[0m","time":"[association]2022/07/20 - 15:39:59.041","caller":"D:/GO/WorkSpace/new/fever_information/server/api/system/sys_hospital.go:187","message":"添加医院信息失败","error":"WHERE conditions required"}
{"level":"\u001b[31merror\u001b[0m","time":"[association]2022/07/20 - 15:48:35.694","caller":"D:/GO/WorkSpace/new/fever_information/server/service/system/sys_user.go:118","message":"角色数据初始化失败","error":"Error 1062: Duplicate entry '2' for key 'sys_Roles.PRIMARY'"}
{"level":"\u001b[31merror\u001b[0m","time":"[association]2022/07/20 - 15:48:36.135","caller":"D:/GO/WorkSpace/new/fever_information/server/service/system/sys_district.go:59","message":"分类数据初始化失败","error":"Error 1062: Duplicate entry '2' for key 'districts.PRIMARY'"}
{"level":"\u001b[31merror\u001b[0m","time":"[association]2022/07/20 - 15:48:38.299","caller":"D:/GO/WorkSpace/new/fever_information/server/service/system/sys_hospital.go:152","message":"修改管理者信息失败","error":"WHERE conditions required"}
{"level":"\u001b[31merror\u001b[0m","time":"[association]2022/07/20 - 15:48:38.342","caller":"D:/GO/WorkSpace/new/fever_information/server/service/system/sys_hospital.go:157","message":"修改医院事务出现错误，数据回滚","error":"WHERE conditions required"}
{"level":"\u001b[31merror\u001b[0m","time":"[association]2022/07/20 - 15:48:38.342","caller":"D:/GO/WorkSpace/new/fever_information/server/api/system/sys_hospital.go:187","message":"添加医院信息失败","error":"WHERE conditions required"}
{"level":"\u001b[31merror\u001b[0m","time":"[association]2022/07/20 - 15:49:07.324","caller":"D:/GO/WorkSpace/new/fever_information/server/service/system/sys_user.go:118","message":"角色数据初始化失败","error":"Error 1062: Duplicate entry '2' for key 'sys_Roles.PRIMARY'"}
{"level":"\u001b[31merror\u001b[0m","time":"[association]2022/07/20 - 15:49:07.754","caller":"D:/GO/WorkSpace/new/fever_information/server/service/system/sys_district.go:59","message":"分类数据初始化失败","error":"Error 1062: Duplicate entry '2' for key 'districts.PRIMARY'"}
{"level":"\u001b[31merror\u001b[0m","time":"[association]2022/07/20 - 15:49:10.278","caller":"D:/GO/WorkSpace/new/fever_information/server/service/system/sys_hospital.go:152","message":"修改管理者信息失败","error":"WHERE conditions required"}
{"level":"\u001b[31merror\u001b[0m","time":"[association]2022/07/20 - 15:49:10.333","caller":"D:/GO/WorkSpace/new/fever_information/server/service/system/sys_hospital.go:157","message":"修改医院事务出现错误，数据回滚","error":"WHERE conditions required"}
{"level":"\u001b[31merror\u001b[0m","time":"[association]2022/07/20 - 15:49:10.333","caller":"D:/GO/WorkSpace/new/fever_information/server/api/system/sys_hospital.go:187","message":"修改医院信息失败","error":"WHERE conditions required"}
{"level":"\u001b[31merror\u001b[0m","time":"[association]2022/07/20 - 15:50:14.481","caller":"D:/GO/WorkSpace/new/fever_information/server/service/system/sys_user.go:118","message":"角色数据初始化失败","error":"Error 1062: Duplicate entry '2' for key 'sys_Roles.PRIMARY'"}
{"level":"\u001b[31merror\u001b[0m","time":"[association]2022/07/20 - 15:50:14.840","caller":"D:/GO/WorkSpace/new/fever_information/server/service/system/sys_district.go:59","message":"分类数据初始化失败","error":"Error 1062: Duplicate entry '2' for key 'districts.PRIMARY'"}
