{"level":"\u001b[31merror\u001b[0m","time":"[association]2022/07/13 - 09:10:19.044","caller":"D:/GO/WorkSpace/new/fever_information/server/service/system/sys_user.go:86","message":"管理员数据初始化失败","error":"invalid field found for struct github.com/flipped-aurora/gin-vue-admin/server/model/system.SysUser's field Role: define a valid foreign key for relations or implement the Valuer/Scanner interface"}
{"level":"\u001b[31merror\u001b[0m","time":"[association]2022/07/13 - 09:12:17.125","caller":"D:/GO/WorkSpace/new/fever_information/server/service/system/sys_user.go:86","message":"管理员数据初始化失败","error":"Error 1054: Unknown column 'uuid' in 'field list'"}
{"level":"\u001b[31merror\u001b[0m","time":"[association]2022/07/13 - 09:13:40.955","caller":"D:/GO/WorkSpace/new/fever_information/server/service/system/sys_user.go:86","message":"管理员数据初始化失败","error":"Error 1054: Unknown column 'uuid' in 'field list'"}
{"level":"\u001b[31merror\u001b[0m","time":"[association]2022/07/13 - 09:13:57.357","caller":"D:/GO/WorkSpace/new/fever_information/server/service/system/sys_user.go:86","message":"管理员数据初始化失败","error":"Error 1054: Unknown column 'uuid' in 'field list'"}
{"level":"\u001b[31merror\u001b[0m","time":"[association]2022/07/13 - 09:15:33.995","caller":"D:/GO/WorkSpace/new/fever_information/server/service/system/sys_user.go:86","message":"管理员数据初始化失败","error":"Error 1054: Unknown column 'uuid' in 'field list'"}
{"level":"\u001b[31merror\u001b[0m","time":"[association]2022/07/13 - 10:13:36.517","caller":"D:/GO/WorkSpace/new/fever_information/server/service/system/sys_user.go:86","message":"管理员数据初始化失败","error":"Error 1146: Table 'db_fever_information.sys_users' doesn't exist"}
{"level":"\u001b[31merror\u001b[0m","time":"[association]2022/07/13 - 13:16:25.826","caller":"D:/GO/WorkSpace/new/fever_information/server/initialize/gorm.go:39","message":"register table failed","error":"invalid field found for struct github.com/flipped-aurora/gin-vue-admin/server/model/system.FeverInfo's field District: define a valid foreign key for relations or implement the Valuer/Scanner interface"}
{"level":"\u001b[31merror\u001b[0m","time":"[association]2022/07/13 - 13:17:04.399","caller":"D:/GO/WorkSpace/new/fever_information/server/initialize/gorm.go:39","message":"register table failed","error":"invalid field found for struct github.com/flipped-aurora/gin-vue-admin/server/model/system.FeverInfo's field District: define a valid foreign key for relations or implement the Valuer/Scanner interface"}
{"level":"\u001b[31merror\u001b[0m","time":"[association]2022/07/13 - 13:18:59.051","caller":"D:/GO/WorkSpace/new/fever_information/server/service/system/sys_user.go:112","message":"管理员数据初始化失败","error":"Error 1452: Cannot add or update a child row: a foreign key constraint fails (`db_fever_information`.`sys_users`, CONSTRAINT `fk_sys_users_hospital` FOREIGN KEY (`hospital_id`) REFERENCES `hospital` (`id`))"}
{"level":"\u001b[31merror\u001b[0m","time":"[association]2022/07/13 - 13:22:55.634","caller":"D:/GO/WorkSpace/new/fever_information/server/service/system/sys_user.go:109","message":"角色数据初始化失败","error":"Error 1062: Duplicate entry '2' for key 'sys_Roles.PRIMARY'"}
{"level":"\u001b[31merror\u001b[0m","time":"[association]2022/07/13 - 13:26:37.384","caller":"D:/GO/WorkSpace/new/fever_information/server/service/system/sys_user.go:109","message":"角色数据初始化失败","error":"Error 1062: Duplicate entry '2' for key 'sys_Roles.PRIMARY'"}
{"level":"\u001b[31merror\u001b[0m","time":"[association]2022/07/13 - 13:30:40.206","caller":"D:/GO/WorkSpace/new/fever_information/server/service/system/sys_user.go:116","message":"管理员数据初始化失败","error":"Error 1452: Cannot add or update a child row: a foreign key constraint fails (`db_fever_information`.`sys_users`, CONSTRAINT `fk_sys_users_hospital` FOREIGN KEY (`hospital_id`) REFERENCES `hospital` (`id`))"}
{"level":"\u001b[31merror\u001b[0m","time":"[association]2022/07/13 - 13:31:01.689","caller":"D:/GO/WorkSpace/new/fever_information/server/service/system/sys_user.go:109","message":"角色数据初始化失败","error":"Error 1062: Duplicate entry '2' for key 'sys_Roles.PRIMARY'"}
{"level":"\u001b[31merror\u001b[0m","time":"[association]2022/07/13 - 13:31:02.003","caller":"D:/GO/WorkSpace/new/fever_information/server/service/system/sys_district.go:58","message":"分类数据初始化失败","error":"Error 1062: Duplicate entry '2' for key 'district.PRIMARY'"}
{"level":"\u001b[31merror\u001b[0m","time":"[association]2022/07/13 - 13:35:20.512","caller":"D:/GO/WorkSpace/new/fever_information/server/service/system/sys_user.go:117","message":"角色数据初始化失败","error":"Error 1062: Duplicate entry '2' for key 'sys_Roles.PRIMARY'"}
{"level":"\u001b[31merror\u001b[0m","time":"[association]2022/07/13 - 13:35:20.890","caller":"D:/GO/WorkSpace/new/fever_information/server/service/system/sys_district.go:58","message":"分类数据初始化失败","error":"Error 1062: Duplicate entry '2' for key 'district.PRIMARY'"}
{"level":"\u001b[31merror\u001b[0m","time":"[association]2022/07/13 - 18:12:57.642","caller":"D:/GO/WorkSpace/new/fever_information/server/service/system/sys_user.go:124","message":"管理员数据初始化失败","error":"Error 1452: Cannot add or update a child row: a foreign key constraint fails (`db_fever_information`.`sys_users`, CONSTRAINT `fk_sys_users_hospital` FOREIGN KEY (`hospital_id`) REFERENCES `hospitals` (`id`))"}
{"level":"\u001b[31merror\u001b[0m","time":"[association]2022/07/13 - 18:13:08.545","caller":"D:/GO/WorkSpace/new/fever_information/server/service/system/sys_user.go:117","message":"角色数据初始化失败","error":"Error 1062: Duplicate entry '2' for key 'sys_Roles.PRIMARY'"}
{"level":"\u001b[31merror\u001b[0m","time":"[association]2022/07/13 - 18:13:08.745","caller":"D:/GO/WorkSpace/new/fever_information/server/service/system/sys_district.go:58","message":"分类数据初始化失败","error":"Error 1062: Duplicate entry '2' for key 'districts.PRIMARY'"}
{"level":"\u001b[31merror\u001b[0m","time":"[association]2022/07/13 - 18:18:00.446","caller":"D:/GO/WorkSpace/new/fever_information/server/service/system/sys_hospital.go:47","message":"链表查询医院信息VO数据失败","error":"Error 1146: Table 'db_fever_information.hospital' doesn't exist"}
{"level":"\u001b[31merror\u001b[0m","time":"[association]2022/07/13 - 18:18:00.446","caller":"D:/GO/WorkSpace/new/fever_information/server/api/system/sys_hospital.go:19","message":"查询失败","error":"Error 1146: Table 'db_fever_information.hospital' doesn't exist"}
{"level":"\u001b[31merror\u001b[0m","time":"[association]2022/07/13 - 18:28:15.717","caller":"D:/GO/WorkSpace/new/fever_information/server/service/system/sys_user.go:117","message":"角色数据初始化失败","error":"Error 1062: Duplicate entry '2' for key 'sys_Roles.PRIMARY'"}
{"level":"\u001b[31merror\u001b[0m","time":"[association]2022/07/13 - 18:28:15.887","caller":"D:/GO/WorkSpace/new/fever_information/server/service/system/sys_district.go:58","message":"分类数据初始化失败","error":"Error 1062: Duplicate entry '2' for key 'districts.PRIMARY'"}
{"level":"\u001b[31merror\u001b[0m","time":"[association]2022/07/13 - 20:18:25.462","caller":"D:/GO/WorkSpace/new/fever_information/server/initialize/redis.go:22","message":"redis connet ping failed ,err :","error":"dial tcp 47.95.13.13:6379: i/o timeout"}
{"level":"\u001b[31merror\u001b[0m","time":"[association]2022/07/13 - 20:18:42.655","caller":"D:/GO/WorkSpace/new/fever_information/server/initialize/redis.go:22","message":"redis connet ping failed ,err :","error":"NOAUTH Authentication required."}
{"level":"\u001b[31merror\u001b[0m","time":"[association]2022/07/13 - 20:18:42.999","caller":"D:/GO/WorkSpace/new/fever_information/server/service/system/sys_user.go:117","message":"角色数据初始化失败","error":"Error 1062: Duplicate entry '2' for key 'sys_Roles.PRIMARY'"}
{"level":"\u001b[31merror\u001b[0m","time":"[association]2022/07/13 - 20:18:43.186","caller":"D:/GO/WorkSpace/new/fever_information/server/service/system/sys_district.go:58","message":"分类数据初始化失败","error":"Error 1062: Duplicate entry '2' for key 'district.PRIMARY'"}
{"level":"\u001b[31merror\u001b[0m","time":"[association]2022/07/13 - 20:18:49.491","caller":"D:/GO/WorkSpace/new/fever_information/server/service/system/sys_hospital.go:47","message":"链表查询医院信息VO数据失败","error":"Error 1054: Unknown column 'district.name' in 'field list'"}
{"level":"\u001b[31merror\u001b[0m","time":"[association]2022/07/13 - 20:18:49.491","caller":"D:/GO/WorkSpace/new/fever_information/server/api/system/sys_hospital.go:19","message":"查询失败","error":"Error 1054: Unknown column 'district.name' in 'field list'"}
{"level":"\u001b[31merror\u001b[0m","time":"[association]2022/07/13 - 20:27:49.241","caller":"D:/GO/WorkSpace/new/fever_information/server/initialize/redis.go:22","message":"redis connet ping failed ,err :","error":"NOAUTH Authentication required."}
{"level":"\u001b[31merror\u001b[0m","time":"[association]2022/07/13 - 20:28:45.987","caller":"D:/GO/WorkSpace/new/fever_information/server/initialize/redis.go:22","message":"redis connet ping failed ,err :","error":"NOAUTH Authentication required."}
{"level":"\u001b[31merror\u001b[0m","time":"[association]2022/07/13 - 20:28:45.992","caller":"D:/GO/WorkSpace/new/fever_information/server/service/system/sys_user.go:117","message":"角色数据初始化失败","error":"Error 1062: Duplicate entry '2' for key 'PRIMARY'"}
{"level":"\u001b[31merror\u001b[0m","time":"[association]2022/07/13 - 20:28:45.993","caller":"D:/GO/WorkSpace/new/fever_information/server/service/system/sys_district.go:58","message":"分类数据初始化失败","error":"Error 1062: Duplicate entry '2' for key 'PRIMARY'"}
{"level":"\u001b[31merror\u001b[0m","time":"[association]2022/07/13 - 20:29:13.217","caller":"D:/GO/WorkSpace/new/fever_information/server/service/system/sys_user.go:117","message":"角色数据初始化失败","error":"Error 1062: Duplicate entry '2' for key 'PRIMARY'"}
{"level":"\u001b[31merror\u001b[0m","time":"[association]2022/07/13 - 20:29:13.218","caller":"D:/GO/WorkSpace/new/fever_information/server/service/system/sys_district.go:58","message":"分类数据初始化失败","error":"Error 1062: Duplicate entry '2' for key 'PRIMARY'"}
{"level":"\u001b[31merror\u001b[0m","time":"[association]2022/07/13 - 20:29:51.719","caller":"D:/GO/WorkSpace/new/fever_information/server/service/system/sys_user.go:117","message":"角色数据初始化失败","error":"Error 1062: Duplicate entry '2' for key 'PRIMARY'"}
{"level":"\u001b[31merror\u001b[0m","time":"[association]2022/07/13 - 20:29:51.720","caller":"D:/GO/WorkSpace/new/fever_information/server/service/system/sys_district.go:58","message":"分类数据初始化失败","error":"Error 1062: Duplicate entry '2' for key 'PRIMARY'"}
{"level":"\u001b[31merror\u001b[0m","time":"[association]2022/07/13 - 21:11:58.954","caller":"D:/GO/WorkSpace/new/fever_information/server/service/system/sys_user.go:117","message":"角色数据初始化失败","error":"Error 1062: Duplicate entry '2' for key 'PRIMARY'"}
{"level":"\u001b[31merror\u001b[0m","time":"[association]2022/07/13 - 21:11:58.955","caller":"D:/GO/WorkSpace/new/fever_information/server/service/system/sys_district.go:58","message":"分类数据初始化失败","error":"Error 1062: Duplicate entry '2' for key 'PRIMARY'"}
{"level":"\u001b[31merror\u001b[0m","time":"[association]2022/07/13 - 21:12:03.966","caller":"D:/GO/WorkSpace/new/fever_information/server/service/system/sys_hospital.go:47","message":"链表查询医院信息VO数据失败","error":"Error 1146: Table 'db_fever_information.hospital' doesn't exist"}
{"level":"\u001b[31merror\u001b[0m","time":"[association]2022/07/13 - 21:12:03.966","caller":"D:/GO/WorkSpace/new/fever_information/server/api/system/sys_hospital.go:19","message":"查询失败","error":"Error 1146: Table 'db_fever_information.hospital' doesn't exist"}
{"level":"\u001b[31merror\u001b[0m","time":"[association]2022/07/13 - 21:13:03.742","caller":"D:/GO/WorkSpace/new/fever_information/server/service/system/sys_user.go:117","message":"角色数据初始化失败","error":"Error 1062: Duplicate entry '2' for key 'PRIMARY'"}
{"level":"\u001b[31merror\u001b[0m","time":"[association]2022/07/13 - 21:13:03.743","caller":"D:/GO/WorkSpace/new/fever_information/server/service/system/sys_district.go:58","message":"分类数据初始化失败","error":"Error 1062: Duplicate entry '2' for key 'PRIMARY'"}
{"level":"\u001b[31merror\u001b[0m","time":"[association]2022/07/13 - 21:13:49.336","caller":"D:/GO/WorkSpace/new/fever_information/server/service/system/sys_user.go:117","message":"角色数据初始化失败","error":"Error 1062: Duplicate entry '2' for key 'PRIMARY'"}
{"level":"\u001b[31merror\u001b[0m","time":"[association]2022/07/13 - 21:13:49.337","caller":"D:/GO/WorkSpace/new/fever_information/server/service/system/sys_district.go:58","message":"分类数据初始化失败","error":"Error 1062: Duplicate entry '2' for key 'PRIMARY'"}
